2022-04-29 17:26:33 [@DESKTOP-N8DR5OG]
Interne #1 : Démarrage contract
2022-04-29 17:27:36 [@DESKTOP-N8DR5OG]
Interne #1 : Démarrage infocom
2022-04-29 17:28:55 [@DESKTOP-N8DR5OG]
Interne #1 : Démarrage mailgate
2022-04-29 17:58:19 [2@DESKTOP-N8DR5OG]
Interne #1 : Démarrage session
2022-04-29 17:58:34 [@DESKTOP-N8DR5OG]
Interne #1 : Démarrage graph
2022-04-30 02:38:49 [@DESKTOP-N8DR5OG]
Interne #1 : Démarrage reservation
2022-04-30 02:39:20 [@DESKTOP-N8DR5OG]
Interne #1 : Démarrage closeticket
2022-05-01 03:40:44 [@DESKTOP-N8DR5OG]
Interne #1 : Démarrage alertnotclosed
2022-05-03 10:39:41 [2@DESKTOP-N8DR5OG]
Interne #1 : Démarrage slaticket
2022-05-03 10:59:47 [2@DESKTOP-N8DR5OG]
Interne #1 : Démarrage createinquest
2022-05-03 11:13:49 [2@DESKTOP-N8DR5OG]
Interne #1 : Démarrage watcher
2022-05-03 11:45:50 [2@DESKTOP-N8DR5OG]
Interne #1 : Démarrage RecurrentItems
2022-05-03 11:48:57 [@DESKTOP-N8DR5OG]
Interne #1 : Démarrage planningrecall
2022-05-03 11:54:35 [5@DESKTOP-N8DR5OG]
Interne #1 : Démarrage queuednotification
2022-05-03 12:05:03 [5@DESKTOP-N8DR5OG]
Interne #1 : Démarrage queuednotificationclean
2022-05-03 12:05:24 [@DESKTOP-N8DR5OG]
Interne #1 : Démarrage temp
2022-05-03 12:12:44 [2@DESKTOP-N8DR5OG]
Interne #1 : Démarrage mailgateerror
2022-05-03 14:18:46 [@DESKTOP-N8DR5OG]
Interne #1 : Démarrage certificate
2022-05-03 14:36:14 [2@DESKTOP-N8DR5OG]
Interne #1 : Démarrage olaticket
2022-05-03 14:41:53 [@DESKTOP-N8DR5OG]
Interne #1 : Démarrage mailgate
2022-05-03 14:55:30 [2@DESKTOP-N8DR5OG]
Interne #1 : Démarrage graph
2022-05-03 15:07:15 [2@DESKTOP-N8DR5OG]
Interne #1 : Démarrage reservation
2022-05-03 15:11:58 [@DESKTOP-N8DR5OG]
Interne #1 : Démarrage closeticket
2022-05-03 15:32:16 [2@DESKTOP-N8DR5OG]
Interne #1 : Démarrage contract
2022-05-03 15:33:14 [@DESKTOP-N8DR5OG]
Interne #1 : Démarrage infocom
2022-05-03 15:39:09 [2@DESKTOP-N8DR5OG]
Interne #1 : Démarrage session
2022-05-03 16:01:11 [2@DESKTOP-N8DR5OG]
Interne #1 : Démarrage alertnotclosed
2022-05-03 16:15:15 [2@DESKTOP-N8DR5OG]
Interne #1 : Démarrage slaticket
2022-05-03 16:21:01 [2@DESKTOP-N8DR5OG]
Interne #1 : Démarrage planningrecall
2022-05-03 16:26:41 [2@DESKTOP-N8DR5OG]
Interne #1 : Démarrage queuednotification
2022-05-03 16:32:00 [@DESKTOP-N8DR5OG]
Interne #1 : Démarrage RecurrentItems
2022-05-03 16:32:54 [@DESKTOP-N8DR5OG]
Interne #1 : Démarrage temp
2022-05-03 16:35:09 [@DESKTOP-N8DR5OG]
Interne #1 : Démarrage olaticket
2022-05-03 16:37:09 [@DESKTOP-N8DR5OG]
Interne #1 : Démarrage mailgate
2022-05-03 16:45:03 [7@DESKTOP-N8DR5OG]
Interne #1 : Démarrage graph
2022-05-03 16:59:35 [@DESKTOP-N8DR5OG]
Interne #1 : Démarrage reservation
2022-05-03 19:42:36 [2@DESKTOP-N8DR5OG]
Interne #1 : Démarrage slaticket
2022-05-03 19:48:18 [2@DESKTOP-N8DR5OG]
Interne #1 : Démarrage planningrecall
2022-05-04 02:25:19 [@DESKTOP-N8DR5OG]
Interne #1 : Démarrage queuednotification
2022-05-04 02:27:53 [@DESKTOP-N8DR5OG]
Interne #1 : Démarrage olaticket
2022-05-04 02:28:37 [@DESKTOP-N8DR5OG]
Interne #1 : Démarrage mailgate
2022-05-04 11:55:06 [@DESKTOP-N8DR5OG]
Interne #1 : Démarrage RecurrentItems
2022-05-04 16:59:49 [7@DESKTOP-N8DR5OG]
Interne #1 : Démarrage temp
2022-05-04 17:00:53 [@DESKTOP-N8DR5OG]
Interne #1 : Démarrage graph
2022-05-04 17:17:25 [@DESKTOP-N8DR5OG]
Interne #1 : Démarrage reservation
2022-05-04 17:17:28 [@DESKTOP-N8DR5OG]
Interne #1 : Démarrage slaticket
2022-05-04 17:17:32 [@DESKTOP-N8DR5OG]
Interne #1 : Démarrage planningrecall
2022-05-04 17:18:27 [@DESKTOP-N8DR5OG]
Interne #1 : Démarrage queuednotification
2022-05-04 17:29:16 [@DESKTOP-N8DR5OG]
Interne #1 : Démarrage olaticket
2022-05-04 17:29:47 [@DESKTOP-N8DR5OG]
Interne #1 : Démarrage mailgate
2022-05-04 17:30:05 [@DESKTOP-N8DR5OG]
Interne #1 : Démarrage closeticket
2022-05-04 17:34:04 [@DESKTOP-N8DR5OG]
Interne #1 : Démarrage alertnotclosed
2022-05-04 17:35:29 [@DESKTOP-N8DR5OG]
Interne #1 : Démarrage createinquest
2022-05-04 17:36:30 [@DESKTOP-N8DR5OG]
Interne #1 : Démarrage watcher
2022-05-04 17:41:28 [@DESKTOP-N8DR5OG]
Interne #1 : Démarrage queuednotificationclean
2022-05-04 17:44:17 [@DESKTOP-N8DR5OG]
Interne #1 : Démarrage mailgateerror
2022-05-04 17:44:41 [@DESKTOP-N8DR5OG]
Interne #1 : Démarrage RecurrentItems
2022-05-04 17:45:53 [@DESKTOP-N8DR5OG]
Interne #1 : Démarrage certificate
2022-05-04 17:46:32 [@DESKTOP-N8DR5OG]
Interne #1 : Démarrage contract
2022-05-04 17:47:43 [@DESKTOP-N8DR5OG]
Interne #1 : Démarrage infocom
2022-05-04 17:47:54 [@DESKTOP-N8DR5OG]
Interne #1 : Démarrage session
2022-05-04 17:51:18 [@DESKTOP-N8DR5OG]
Interne #1 : Démarrage queuednotification
2022-05-04 17:53:17 [@DESKTOP-N8DR5OG]
Interne #1 : Démarrage slaticket
2022-05-04 17:54:05 [@DESKTOP-N8DR5OG]
Interne #1 : Démarrage planningrecall
2022-05-04 17:55:57 [@DESKTOP-N8DR5OG]
Interne #1 : Démarrage olaticket
2022-05-04 17:56:38 [@DESKTOP-N8DR5OG]
Interne #1 : Démarrage mailgate
2022-05-04 17:59:04 [@DESKTOP-N8DR5OG]
Interne #1 : Démarrage queuednotification
2022-05-04 18:12:51 [@DESKTOP-N8DR5OG]
Interne #1 : Démarrage slaticket
2022-05-04 18:13:15 [@DESKTOP-N8DR5OG]
Interne #1 : Démarrage planningrecall
2022-05-04 18:17:02 [@DESKTOP-N8DR5OG]
Interne #1 : Démarrage temp
2022-05-04 18:25:40 [@DESKTOP-N8DR5OG]
Interne #1 : Démarrage graph
2022-05-04 18:31:59 [@DESKTOP-N8DR5OG]
Interne #1 : Démarrage queuednotification
2022-05-04 18:32:17 [@DESKTOP-N8DR5OG]
Interne #1 : Démarrage olaticket
2022-05-04 18:36:38 [@DESKTOP-N8DR5OG]
Interne #1 : Démarrage mailgate
2022-05-04 18:36:48 [@DESKTOP-N8DR5OG]
Interne #1 : Démarrage reservation
2022-05-04 18:50:37 [@DESKTOP-N8DR5OG]
Interne #1 : Démarrage slaticket
2022-05-04 18:51:46 [@DESKTOP-N8DR5OG]
Interne #1 : Démarrage planningrecall
2022-05-04 18:52:29 [@DESKTOP-N8DR5OG]
Interne #1 : Démarrage queuednotification
2022-05-04 18:52:37 [@DESKTOP-N8DR5OG]
Interne #1 : Démarrage olaticket
2022-05-04 18:52:43 [@DESKTOP-N8DR5OG]
Interne #1 : Démarrage RecurrentItems
2022-05-04 18:54:10 [@DESKTOP-N8DR5OG]
Interne #1 : Démarrage mailgate
2022-05-04 18:56:06 [@DESKTOP-N8DR5OG]
Interne #1 : Démarrage queuednotification
2022-05-04 18:56:22 [@DESKTOP-N8DR5OG]
Interne #1 : Démarrage slaticket
2022-05-04 18:57:14 [@DESKTOP-N8DR5OG]
Interne #1 : Démarrage planningrecall
2022-05-04 18:57:58 [@DESKTOP-N8DR5OG]
Interne #1 : Démarrage queuednotification
2022-05-04 18:58:25 [@DESKTOP-N8DR5OG]
Interne #1 : Démarrage olaticket
2022-05-04 19:09:07 [@DESKTOP-N8DR5OG]
Interne #1 : Démarrage queuednotification
2022-05-04 19:09:50 [@DESKTOP-N8DR5OG]
Interne #1 : Démarrage slaticket
2022-05-04 19:10:23 [@DESKTOP-N8DR5OG]
Interne #1 : Démarrage planningrecall
2022-05-14 14:40:32 [@DESKTOP-N8DR5OG]
Interne #1 : Démarrage olaticket
2022-05-14 14:41:40 [@DESKTOP-N8DR5OG]
Interne #1 : Démarrage mailgate
2022-05-14 15:57:56 [2@DESKTOP-N8DR5OG]
Interne #1 : Démarrage queuednotification
2022-05-18 16:35:39 [2@DESKTOP-N8DR5OG]
Interne #1 : Démarrage slaticket
2022-05-18 16:42:22 [2@DESKTOP-N8DR5OG]
Interne #1 : Démarrage planningrecall
2022-05-18 17:03:15 [2@DESKTOP-N8DR5OG]
Interne #1 : Démarrage temp
2022-05-18 17:52:37 [@DESKTOP-N8DR5OG]
Interne #1 : Démarrage graph
2022-05-18 18:01:04 [2@DESKTOP-N8DR5OG]
Interne #1 : Démarrage reservation
2022-05-19 01:05:37 [2@DESKTOP-N8DR5OG]
Interne #1 : Démarrage RecurrentItems
2022-05-19 01:08:30 [2@DESKTOP-N8DR5OG]
Interne #1 : Démarrage closeticket
2022-05-19 01:24:28 [2@DESKTOP-N8DR5OG]
Interne #1 : Démarrage alertnotclosed
2022-05-19 01:30:29 [2@DESKTOP-N8DR5OG]
Interne #1 : Démarrage createinquest
2022-05-19 01:35:15 [2@DESKTOP-N8DR5OG]
Interne #1 : Démarrage watcher
2022-05-19 01:38:42 [2@DESKTOP-N8DR5OG]
Interne #1 : Démarrage queuednotificationclean
2022-05-19 01:42:14 [@DESKTOP-N8DR5OG]
Interne #1 : Démarrage mailgateerror
2022-05-19 01:43:17 [@DESKTOP-N8DR5OG]
Interne #1 : Démarrage certificate
2022-05-19 01:55:12 [2@DESKTOP-N8DR5OG]
Interne #1 : Démarrage contract
2022-05-19 02:04:28 [@DESKTOP-N8DR5OG]
Interne #1 : Démarrage infocom
2022-05-19 02:10:36 [2@DESKTOP-N8DR5OG]
Interne #1 : Démarrage session
2022-05-19 02:18:33 [2@DESKTOP-N8DR5OG]
Interne #1 : Démarrage olaticket
2022-05-19 02:33:55 [2@DESKTOP-N8DR5OG]
Interne #1 : Démarrage mailgate
2022-05-19 02:37:25 [@DESKTOP-N8DR5OG]
Interne #1 : Démarrage queuednotification
2022-05-19 02:48:13 [2@DESKTOP-N8DR5OG]
Interne #1 : Démarrage slaticket
2022-05-19 02:53:40 [2@DESKTOP-N8DR5OG]
Interne #1 : Démarrage planningrecall
2022-05-19 03:19:21 [2@DESKTOP-N8DR5OG]
Interne #1 : Démarrage temp
2022-05-19 10:34:25 [@DESKTOP-N8DR5OG]
Interne #1 : Démarrage graph
2022-05-19 11:11:09 [2@DESKTOP-N8DR5OG]
Interne #1 : Démarrage reservation
2022-05-19 11:16:21 [2@DESKTOP-N8DR5OG]
Interne #1 : Démarrage RecurrentItems
2022-05-19 11:26:11 [@DESKTOP-N8DR5OG]
Interne #1 : Démarrage olaticket
2022-05-19 11:26:56 [@DESKTOP-N8DR5OG]
Interne #1 : Démarrage queuednotification
2022-05-19 12:06:59 [@DESKTOP-N8DR5OG]
Interne #1 : Démarrage mailgate
2022-05-19 16:27:09 [2@DESKTOP-N8DR5OG]
Interne #1 : Démarrage slaticket
2022-05-19 16:42:05 [2@DESKTOP-N8DR5OG]
Interne #1 : Démarrage planningrecall
2022-05-19 16:56:34 [2@DESKTOP-N8DR5OG]
Interne #1 : Démarrage temp
2022-05-19 17:08:01 [@DESKTOP-N8DR5OG]
Interne #1 : Démarrage queuednotification
2022-05-19 17:08:29 [@DESKTOP-N8DR5OG]
Interne #1 : Démarrage olaticket
2022-05-19 17:47:23 [@DESKTOP-N8DR5OG]
Interne #1 : Démarrage graph
2022-05-19 17:50:00 [2@DESKTOP-N8DR5OG]
Interne #1 : Démarrage reservation
2022-05-19 18:06:37 [@DESKTOP-N8DR5OG]
Interne #1 : Démarrage mailgate
2022-05-19 18:34:56 [2@DESKTOP-N8DR5OG]
Interne #1 : Démarrage RecurrentItems
2022-05-20 13:43:18 [@DESKTOP-N8DR5OG]
Interne #1 : Démarrage closeticket
2022-05-20 14:04:11 [7@DESKTOP-N8DR5OG]
Interne #1 : Démarrage alertnotclosed
2022-05-20 14:10:48 [@DESKTOP-N8DR5OG]
Interne #1 : Démarrage slaticket
2022-05-20 14:28:29 [2@DESKTOP-N8DR5OG]
Interne #1 : Démarrage planningrecall
2022-05-20 14:35:51 [2@DESKTOP-N8DR5OG]
Interne #1 : Démarrage queuednotification
2022-05-20 14:50:35 [2@DESKTOP-N8DR5OG]
Interne #1 : Démarrage olaticket
2022-05-20 15:00:52 [2@DESKTOP-N8DR5OG]
Interne #1 : Démarrage temp
2022-05-20 15:14:45 [2@DESKTOP-N8DR5OG]
Interne #1 : Démarrage mailgate
2022-05-21 15:03:41 [@DESKTOP-N8DR5OG]
Interne #1 : Démarrage graph
2022-05-23 01:25:57 [@DESKTOP-N8DR5OG]
Interne #1 : Démarrage reservation
2022-05-23 01:31:02 [@DESKTOP-N8DR5OG]
Interne #1 : Démarrage RecurrentItems
2022-05-23 01:42:20 [@DESKTOP-N8DR5OG]
Interne #1 : Démarrage createinquest
2022-05-23 01:48:28 [2@DESKTOP-N8DR5OG]
Interne #1 : Démarrage watcher
2022-06-01 12:04:16 [@DESKTOP-N8DR5OG]
Interne #1 : Démarrage queuednotificationclean
2022-06-02 10:38:41 [@DESKTOP-N8DR5OG]
Interne #1 : Démarrage mailgateerror
2022-06-02 10:44:46 [7@DESKTOP-N8DR5OG]
Interne #1 : Démarrage certificate
2022-06-02 10:45:27 [@DESKTOP-N8DR5OG]
Interne #1 : Démarrage contract
2022-06-02 10:51:24 [2@DESKTOP-N8DR5OG]
Interne #1 : Démarrage infocom
2022-06-02 10:51:32 [@DESKTOP-N8DR5OG]
Interne #1 : Démarrage session
2022-06-02 10:57:22 [@DESKTOP-N8DR5OG]
Interne #1 : Démarrage slaticket
2022-06-02 12:19:59 [7@DESKTOP-N8DR5OG]
Interne #1 : Démarrage planningrecall
2022-06-02 12:32:26 [@DESKTOP-N8DR5OG]
Interne #1 : Démarrage queuednotification
2022-06-02 12:41:09 [2@DESKTOP-N8DR5OG]
Interne #1 : Démarrage olaticket
2022-06-02 13:21:31 [2@DESKTOP-N8DR5OG]
Interne #1 : Démarrage mailgate
2022-06-02 13:26:34 [2@DESKTOP-N8DR5OG]
Interne #1 : Démarrage temp
2022-06-02 13:33:13 [2@DESKTOP-N8DR5OG]
Interne #1 : Démarrage closeticket
2022-06-02 13:54:11 [2@DESKTOP-N8DR5OG]
Interne #1 : Démarrage alertnotclosed
2022-06-02 14:00:15 [2@DESKTOP-N8DR5OG]
Interne #1 : Démarrage graph
2022-06-02 14:04:37 [@DESKTOP-N8DR5OG]
Interne #1 : Démarrage reservation
2022-06-02 15:58:03 [7@DESKTOP-N8DR5OG]
Interne #1 : Démarrage RecurrentItems
2022-06-02 16:04:38 [7@DESKTOP-N8DR5OG]
Interne #1 : Démarrage createinquest
2022-06-02 17:10:30 [7@DESKTOP-N8DR5OG]
Interne #1 : Démarrage watcher
2022-06-02 17:22:58 [7@DESKTOP-N8DR5OG]
Interne #1 : Démarrage slaticket
2022-06-02 17:25:17 [@DESKTOP-N8DR5OG]
Interne #1 : Démarrage queuednotificationclean
2022-06-02 17:33:48 [7@DESKTOP-N8DR5OG]
Interne #1 : Démarrage planningrecall
2022-06-02 17:44:11 [7@DESKTOP-N8DR5OG]
Interne #1 : Démarrage queuednotification
2022-06-02 18:02:30 [7@DESKTOP-N8DR5OG]
Interne #1 : Démarrage olaticket
2022-06-02 18:24:01 [7@DESKTOP-N8DR5OG]
Interne #1 : Démarrage mailgate
2022-06-02 18:31:04 [7@DESKTOP-N8DR5OG]
Interne #1 : Démarrage temp
2022-06-02 18:36:01 [@DESKTOP-N8DR5OG]
Interne #1 : Démarrage graph
2022-06-02 18:54:37 [@DESKTOP-N8DR5OG]
Interne #1 : Démarrage reservation
2022-06-03 15:19:30 [@DESKTOP-N8DR5OG]
Interne #1 : Démarrage RecurrentItems
2022-06-03 15:26:03 [2@DESKTOP-N8DR5OG]
Interne #1 : Démarrage slaticket
2022-06-05 15:22:50 [@DESKTOP-N8DR5OG]
Interne #1 : Démarrage planningrecall
2022-06-07 10:50:16 [@DESKTOP-N8DR5OG]
Interne #1 : Démarrage queuednotification
2022-06-07 10:51:12 [@DESKTOP-N8DR5OG]
Interne #1 : Démarrage olaticket
2022-06-07 11:35:47 [2@DESKTOP-N8DR5OG]
Interne #1 : Démarrage mailgate
2022-06-07 12:38:08 [2@DESKTOP-N8DR5OG]
Interne #1 : Démarrage temp
2022-06-07 12:59:49 [2@DESKTOP-N8DR5OG]
Interne #1 : Démarrage graph
2022-06-07 18:06:14 [@DESKTOP-N8DR5OG]
Interne #1 : Démarrage reservation
2022-06-08 12:09:37 [2@DESKTOP-N8DR5OG]
Interne #1 : Démarrage closeticket
2022-06-08 12:21:13 [@DESKTOP-N8DR5OG]
Interne #1 : Démarrage alertnotclosed
2022-06-08 12:27:23 [2@DESKTOP-N8DR5OG]
Interne #1 : Démarrage mailgateerror
2022-06-08 12:32:28 [2@DESKTOP-N8DR5OG]
Interne #1 : Démarrage certificate
2022-06-08 12:38:18 [2@DESKTOP-N8DR5OG]
Interne #1 : Démarrage contract
2022-06-08 12:39:42 [@DESKTOP-N8DR5OG]
Interne #1 : Démarrage infocom
2022-06-08 12:45:17 [4@DESKTOP-N8DR5OG]
Internal #1: Launch session
2022-06-08 12:47:06 [@DESKTOP-N8DR5OG]
Interne #1 : Démarrage slaticket
2022-06-09 01:26:58 [@DESKTOP-N8DR5OG]
Interne #1 : Démarrage createinquest
2022-06-20 03:02:28 [@DESKTOP-N8DR5OG]
Interne #1 : Démarrage RecurrentItems
2022-06-20 03:14:04 [2@DESKTOP-N8DR5OG]
Interne #1 : Démarrage watcher
2022-06-20 11:36:20 [@DESKTOP-N8DR5OG]
Interne #1 : Démarrage queuednotificationclean
2022-06-20 11:47:59 [2@DESKTOP-N8DR5OG]
Interne #1 : Démarrage planningrecall
2022-06-20 11:48:09 [@DESKTOP-N8DR5OG]
Interne #1 : Démarrage queuednotification
2022-06-20 11:51:16 [@DESKTOP-N8DR5OG]
Interne #1 : Démarrage olaticket
2022-06-20 12:18:51 [2@DESKTOP-N8DR5OG]
Interne #1 : Démarrage mailgate
2022-06-20 12:24:37 [2@DESKTOP-N8DR5OG]
Interne #1 : Démarrage temp
2022-06-20 12:27:33 [@DESKTOP-N8DR5OG]
Interne #1 : Démarrage graph
2022-06-20 12:28:43 [@DESKTOP-N8DR5OG]
Interne #1 : Démarrage reservation
2022-06-20 13:45:58 [2@DESKTOP-N8DR5OG]
Interne #1 : Démarrage slaticket
2022-06-20 13:49:44 [@DESKTOP-N8DR5OG]
Interne #1 : Démarrage closeticket
2022-06-21 04:03:27 [@DESKTOP-N8DR5OG]
Interne #1 : Démarrage alertnotclosed
2022-06-21 11:45:53 [@DESKTOP-N8DR5OG]
Interne #1 : Démarrage mailgateerror
2022-06-21 11:51:59 [2@DESKTOP-N8DR5OG]
Interne #1 : Démarrage certificate
2022-06-21 12:03:51 [2@DESKTOP-N8DR5OG]
Interne #1 : Démarrage contract
2022-06-21 12:52:03 [2@DESKTOP-N8DR5OG]
Interne #1 : Démarrage infocom
2022-06-21 13:01:45 [2@DESKTOP-N8DR5OG]
Interne #1 : Démarrage session
2022-06-21 13:18:38 [2@DESKTOP-N8DR5OG]
Interne #1 : Démarrage createinquest
2022-06-21 13:22:24 [@DESKTOP-N8DR5OG]
Interne #1 : Démarrage RecurrentItems
2022-06-21 13:32:44 [7@DESKTOP-N8DR5OG]
Interne #1 : Démarrage queuednotification
2022-06-21 13:32:48 [7@DESKTOP-N8DR5OG]
Erreur dans l'envoi du courriel<br/>SMTP connect() failed. https://github.com/PHPMailer/PHPMailer/wiki/Troubleshooting
2022-06-21 13:34:23 [@DESKTOP-N8DR5OG]
Interne #1 : Démarrage planningrecall
2022-06-21 13:39:58 [2@DESKTOP-N8DR5OG]
Interne #1 : Démarrage olaticket
2022-06-21 13:45:14 [2@DESKTOP-N8DR5OG]
Interne #1 : Démarrage mailgate
2022-06-21 15:56:25 [2@DESKTOP-N8DR5OG]
Interne #1 : Démarrage temp
2022-06-21 16:35:46 [2@DESKTOP-N8DR5OG]
Interne #1 : Démarrage graph
2022-06-21 16:37:35 [@DESKTOP-N8DR5OG]
Interne #1 : Démarrage reservation
2022-06-21 17:01:38 [@DESKTOP-N8DR5OG]
Interne #1 : Démarrage slaticket
2022-06-21 17:02:09 [@DESKTOP-N8DR5OG]
Interne #1 : Démarrage closeticket
2022-06-21 17:09:08 [2@DESKTOP-N8DR5OG]
Interne #1 : Démarrage watcher
2022-06-21 17:18:45 [2@DESKTOP-N8DR5OG]
Interne #1 : Démarrage queuednotificationclean
2022-06-21 17:32:46 [2@DESKTOP-N8DR5OG]
Interne #1 : Démarrage queuednotification
2022-06-21 17:33:34 [2@DESKTOP-N8DR5OG]
Erreur dans l'envoi du courriel<br/>SMTP connect() failed. https://github.com/PHPMailer/PHPMailer/wiki/Troubleshooting
2022-06-21 17:33:42 [2@DESKTOP-N8DR5OG]
Erreur dans l'envoi du courriel<br/>SMTP connect() failed. https://github.com/PHPMailer/PHPMailer/wiki/Troubleshooting
2022-06-21 17:33:45 [2@DESKTOP-N8DR5OG]
Erreur dans l'envoi du courriel<br/>SMTP connect() failed. https://github.com/PHPMailer/PHPMailer/wiki/Troubleshooting
2022-06-21 17:33:47 [2@DESKTOP-N8DR5OG]
Erreur dans l'envoi du courriel<br/>SMTP connect() failed. https://github.com/PHPMailer/PHPMailer/wiki/Troubleshooting
2022-06-21 17:33:49 [2@DESKTOP-N8DR5OG]
Erreur dans l'envoi du courriel<br/>SMTP connect() failed. https://github.com/PHPMailer/PHPMailer/wiki/Troubleshooting
2022-06-21 17:41:34 [2@DESKTOP-N8DR5OG]
Interne #1 : Démarrage planningrecall
2022-06-21 18:17:12 [2@DESKTOP-N8DR5OG]
Interne #1 : Démarrage olaticket
2022-06-21 18:26:00 [2@DESKTOP-N8DR5OG]
Interne #1 : Démarrage mailgate
2022-06-21 18:34:34 [2@DESKTOP-N8DR5OG]
Interne #1 : Démarrage RecurrentItems
2022-06-21 18:47:20 [2@DESKTOP-N8DR5OG]
Interne #1 : Démarrage alertnotclosed
2022-06-22 11:49:22 [2@DESKTOP-N8DR5OG]
Interne #1 : Démarrage temp
2022-06-22 12:46:41 [2@DESKTOP-N8DR5OG]
Interne #1 : Démarrage slaticket
2022-06-22 12:52:35 [2@DESKTOP-N8DR5OG]
Interne #1 : Démarrage queuednotification
2022-06-22 12:52:39 [2@DESKTOP-N8DR5OG]
Erreur dans l'envoi du courriel<br/>SMTP connect() failed. https://github.com/PHPMailer/PHPMailer/wiki/Troubleshooting
2022-06-22 12:52:41 [2@DESKTOP-N8DR5OG]
Erreur dans l'envoi du courriel<br/>SMTP connect() failed. https://github.com/PHPMailer/PHPMailer/wiki/Troubleshooting
2022-06-22 12:52:42 [2@DESKTOP-N8DR5OG]
Erreur dans l'envoi du courriel<br/>SMTP connect() failed. https://github.com/PHPMailer/PHPMailer/wiki/Troubleshooting
2022-06-22 12:52:44 [2@DESKTOP-N8DR5OG]
Erreur dans l'envoi du courriel<br/>SMTP connect() failed. https://github.com/PHPMailer/PHPMailer/wiki/Troubleshooting
2022-06-22 12:52:46 [2@DESKTOP-N8DR5OG]
Erreur dans l'envoi du courriel<br/>SMTP connect() failed. https://github.com/PHPMailer/PHPMailer/wiki/Troubleshooting
2022-06-22 13:32:53 [2@DESKTOP-N8DR5OG]
Interne #1 : Démarrage graph
2022-06-22 21:05:48 [2@DESKTOP-N8DR5OG]
Interne #1 : Démarrage reservation
2022-06-22 21:49:39 [2@DESKTOP-N8DR5OG]
Interne #1 : Démarrage planningrecall
2022-06-23 11:50:52 [@DESKTOP-N8DR5OG]
Interne #1 : Démarrage olaticket
2022-06-23 12:07:29 [2@DESKTOP-N8DR5OG]
Interne #1 : Démarrage mailgate
2022-06-23 12:12:44 [2@DESKTOP-N8DR5OG]
Interne #1 : Démarrage RecurrentItems
2022-06-23 12:18:29 [2@DESKTOP-N8DR5OG]
Interne #1 : Démarrage closeticket
2022-06-23 12:49:10 [@DESKTOP-N8DR5OG]
Interne #1 : Démarrage alertnotclosed
2022-06-24 01:36:26 [2@DESKTOP-N8DR5OG]
Interne #1 : Démarrage mailgateerror
2022-06-24 01:43:51 [2@DESKTOP-N8DR5OG]
Interne #1 : Démarrage certificate
2022-06-24 01:49:30 [2@DESKTOP-N8DR5OG]
Interne #1 : Démarrage contract
2022-06-24 01:58:35 [2@DESKTOP-N8DR5OG]
Interne #1 : Démarrage temp
2022-06-24 02:13:56 [2@DESKTOP-N8DR5OG]
Interne #1 : Démarrage slaticket
2022-06-24 10:57:10 [2@DESKTOP-N8DR5OG]
Interne #1 : Démarrage infocom
2022-06-24 11:06:08 [2@DESKTOP-N8DR5OG]
Interne #1 : Démarrage queuednotification
2022-06-24 11:06:12 [2@DESKTOP-N8DR5OG]
Erreur dans l'envoi du courriel<br/>SMTP connect() failed. https://github.com/PHPMailer/PHPMailer/wiki/Troubleshooting
2022-06-24 11:06:13 [2@DESKTOP-N8DR5OG]
Erreur dans l'envoi du courriel<br/>SMTP connect() failed. https://github.com/PHPMailer/PHPMailer/wiki/Troubleshooting
2022-06-24 11:06:14 [2@DESKTOP-N8DR5OG]
Erreur dans l'envoi du courriel<br/>SMTP connect() failed. https://github.com/PHPMailer/PHPMailer/wiki/Troubleshooting
2022-06-24 11:06:14 [2@DESKTOP-N8DR5OG]
Erreur dans l'envoi du courriel<br/>SMTP connect() failed. https://github.com/PHPMailer/PHPMailer/wiki/Troubleshooting
2022-06-24 11:06:15 [2@DESKTOP-N8DR5OG]
Erreur dans l'envoi du courriel<br/>SMTP connect() failed. https://github.com/PHPMailer/PHPMailer/wiki/Troubleshooting
2022-06-24 11:23:46 [2@DESKTOP-N8DR5OG]
Interne #1 : Démarrage session
2022-06-24 11:37:36 [2@DESKTOP-N8DR5OG]
Interne #1 : Démarrage createinquest
2022-06-24 13:56:08 [2@DESKTOP-N8DR5OG]
Interne #1 : Démarrage graph
2022-06-24 14:18:09 [2@DESKTOP-N8DR5OG]
Interne #1 : Démarrage watcher
2022-06-24 16:27:51 [2@DESKTOP-N8DR5OG]
Interne #1 : Démarrage queuednotificationclean
2022-06-24 17:14:17 [2@DESKTOP-N8DR5OG]
Interne #1 : Démarrage planningrecall
2022-06-24 17:37:28 [2@DESKTOP-N8DR5OG]
Interne #1 : Démarrage reservation
2022-06-24 17:44:33 [2@DESKTOP-N8DR5OG]
Interne #1 : Démarrage olaticket
2022-06-24 17:55:04 [2@DESKTOP-N8DR5OG]
Interne #1 : Démarrage mailgate
2022-06-24 18:12:19 [2@DESKTOP-N8DR5OG]
Interne #1 : Démarrage RecurrentItems
2022-06-24 18:18:00 [2@DESKTOP-N8DR5OG]
Interne #1 : Démarrage closeticket
2022-06-25 19:42:00 [2@DESKTOP-N8DR5OG]
Interne #1 : Démarrage alertnotclosed
2022-06-25 19:47:29 [2@DESKTOP-N8DR5OG]
Interne #1 : Démarrage slaticket
2022-06-25 19:50:33 [@DESKTOP-N8DR5OG]
Interne #1 : Démarrage temp
2022-06-25 19:51:24 [@DESKTOP-N8DR5OG]
Interne #1 : Démarrage queuednotification
2022-06-25 19:51:25 [@DESKTOP-N8DR5OG]
Erreur dans l'envoi du courriel<br/>SMTP connect() failed. https://github.com/PHPMailer/PHPMailer/wiki/Troubleshooting
2022-06-25 19:51:26 [@DESKTOP-N8DR5OG]
Erreur dans l'envoi du courriel<br/>SMTP connect() failed. https://github.com/PHPMailer/PHPMailer/wiki/Troubleshooting
2022-06-25 19:51:26 [@DESKTOP-N8DR5OG]
Erreur dans l'envoi du courriel<br/>SMTP connect() failed. https://github.com/PHPMailer/PHPMailer/wiki/Troubleshooting
2022-06-25 19:51:26 [@DESKTOP-N8DR5OG]
Erreur dans l'envoi du courriel<br/>SMTP connect() failed. https://github.com/PHPMailer/PHPMailer/wiki/Troubleshooting
2022-06-25 19:51:26 [@DESKTOP-N8DR5OG]
Erreur dans l'envoi du courriel<br/>SMTP connect() failed. https://github.com/PHPMailer/PHPMailer/wiki/Troubleshooting
2022-06-25 19:51:27 [@DESKTOP-N8DR5OG]
Erreur dans l'envoi du courriel<br/>SMTP connect() failed. https://github.com/PHPMailer/PHPMailer/wiki/Troubleshooting
2022-06-25 19:51:27 [@DESKTOP-N8DR5OG]
Erreur dans l'envoi du courriel<br/>SMTP connect() failed. https://github.com/PHPMailer/PHPMailer/wiki/Troubleshooting
2022-06-25 19:51:27 [@DESKTOP-N8DR5OG]
Erreur dans l'envoi du courriel<br/>SMTP connect() failed. https://github.com/PHPMailer/PHPMailer/wiki/Troubleshooting
2022-06-25 20:33:02 [2@DESKTOP-N8DR5OG]
Interne #1 : Démarrage graph
2022-06-25 21:00:44 [2@DESKTOP-N8DR5OG]
Interne #1 : Démarrage planningrecall
2022-06-25 21:35:13 [2@DESKTOP-N8DR5OG]
Interne #1 : Démarrage olaticket
2022-06-25 21:45:48 [2@DESKTOP-N8DR5OG]
Interne #1 : Démarrage mailgate
2022-06-25 21:53:30 [2@DESKTOP-N8DR5OG]
Interne #1 : Démarrage reservation
2022-06-25 21:58:33 [2@DESKTOP-N8DR5OG]
Interne #1 : Démarrage RecurrentItems
2022-06-26 15:20:04 [2@DESKTOP-N8DR5OG]
Interne #1 : Démarrage mailgateerror
2022-06-26 15:27:20 [2@DESKTOP-N8DR5OG]
Interne #1 : Démarrage certificate
2022-06-27 10:43:30 [2@DESKTOP-N8DR5OG]
Interne #1 : Démarrage contract
2022-06-27 11:03:50 [2@DESKTOP-N8DR5OG]
Interne #1 : Démarrage closeticket
2022-06-27 11:08:55 [2@DESKTOP-N8DR5OG]
Interne #1 : Démarrage infocom
2022-06-27 12:14:55 [2@DESKTOP-N8DR5OG]
Interne #1 : Démarrage session
2022-06-27 12:21:40 [2@DESKTOP-N8DR5OG]
Interne #1 : Démarrage createinquest
2022-06-27 12:30:12 [@DESKTOP-N8DR5OG]
Interne #1 : Démarrage watcher
2022-06-27 12:49:59 [@DESKTOP-N8DR5OG]
Interne #1 : Démarrage queuednotificationclean
2022-06-27 12:55:16 [2@DESKTOP-N8DR5OG]
Interne #1 : Démarrage slaticket
2022-06-27 13:00:46 [2@DESKTOP-N8DR5OG]
Interne #1 : Démarrage queuednotification
2022-06-27 13:00:53 [2@DESKTOP-N8DR5OG]
Erreur dans l'envoi du courriel<br/>SMTP connect() failed. https://github.com/PHPMailer/PHPMailer/wiki/Troubleshooting
2022-06-27 13:01:00 [2@DESKTOP-N8DR5OG]
Erreur dans l'envoi du courriel<br/>SMTP connect() failed. https://github.com/PHPMailer/PHPMailer/wiki/Troubleshooting
2022-06-27 13:01:06 [2@DESKTOP-N8DR5OG]
Erreur dans l'envoi du courriel<br/>SMTP connect() failed. https://github.com/PHPMailer/PHPMailer/wiki/Troubleshooting
2022-06-27 13:01:13 [2@DESKTOP-N8DR5OG]
Erreur dans l'envoi du courriel<br/>SMTP connect() failed. https://github.com/PHPMailer/PHPMailer/wiki/Troubleshooting
2022-06-27 13:01:19 [2@DESKTOP-N8DR5OG]
Erreur dans l'envoi du courriel<br/>SMTP connect() failed. https://github.com/PHPMailer/PHPMailer/wiki/Troubleshooting
2022-06-27 13:01:25 [2@DESKTOP-N8DR5OG]
Erreur dans l'envoi du courriel<br/>SMTP connect() failed. https://github.com/PHPMailer/PHPMailer/wiki/Troubleshooting
2022-06-27 13:01:32 [2@DESKTOP-N8DR5OG]
Erreur dans l'envoi du courriel<br/>SMTP connect() failed. https://github.com/PHPMailer/PHPMailer/wiki/Troubleshooting
2022-06-27 13:01:38 [2@DESKTOP-N8DR5OG]
Erreur dans l'envoi du courriel<br/>SMTP connect() failed. https://github.com/PHPMailer/PHPMailer/wiki/Troubleshooting
2022-06-27 13:05:50 [2@DESKTOP-N8DR5OG]
Interne #1 : Démarrage temp
2022-06-27 13:06:03 [@DESKTOP-N8DR5OG]
Interne #1 : Démarrage planningrecall
2022-06-27 13:10:59 [@DESKTOP-N8DR5OG]
Interne #1 : Démarrage graph
2022-06-27 13:14:06 [@DESKTOP-N8DR5OG]
Interne #1 : Démarrage olaticket
2022-06-27 13:48:50 [@DESKTOP-N8DR5OG]
Interne #1 : Démarrage mailgate
2022-06-27 13:50:15 [@DESKTOP-N8DR5OG]
Interne #1 : Démarrage reservation
2022-06-27 13:53:42 [@DESKTOP-N8DR5OG]
Interne #1 : Démarrage RecurrentItems
2022-06-27 13:54:11 [@DESKTOP-N8DR5OG]
Interne #1 : Démarrage alertnotclosed
2022-06-27 14:13:19 [@DESKTOP-N8DR5OG]
Interne #1 : Démarrage slaticket
2022-06-27 14:37:56 [@DESKTOP-N8DR5OG]
Interne #1 : Démarrage queuednotification
2022-06-27 14:38:05 [@DESKTOP-N8DR5OG]
Erreur dans l'envoi du courriel<br/>SMTP connect() failed. https://github.com/PHPMailer/PHPMailer/wiki/Troubleshooting
2022-06-27 14:38:12 [@DESKTOP-N8DR5OG]
Erreur dans l'envoi du courriel<br/>SMTP connect() failed. https://github.com/PHPMailer/PHPMailer/wiki/Troubleshooting
2022-06-27 14:38:20 [@DESKTOP-N8DR5OG]
Erreur dans l'envoi du courriel<br/>SMTP connect() failed. https://github.com/PHPMailer/PHPMailer/wiki/Troubleshooting
2022-06-27 14:38:27 [@DESKTOP-N8DR5OG]
Erreur dans l'envoi du courriel<br/>SMTP connect() failed. https://github.com/PHPMailer/PHPMailer/wiki/Troubleshooting
2022-06-27 14:38:33 [@DESKTOP-N8DR5OG]
Erreur dans l'envoi du courriel<br/>SMTP connect() failed. https://github.com/PHPMailer/PHPMailer/wiki/Troubleshooting
2022-06-27 14:38:40 [@DESKTOP-N8DR5OG]
Erreur dans l'envoi du courriel<br/>SMTP connect() failed. https://github.com/PHPMailer/PHPMailer/wiki/Troubleshooting
2022-06-27 14:38:47 [@DESKTOP-N8DR5OG]
Erreur dans l'envoi du courriel<br/>SMTP connect() failed. https://github.com/PHPMailer/PHPMailer/wiki/Troubleshooting
2022-06-27 14:39:09 [@DESKTOP-N8DR5OG]
Interne #1 : Démarrage planningrecall
2022-06-27 14:39:21 [@DESKTOP-N8DR5OG]
Interne #1 : Démarrage olaticket
2022-06-27 14:42:16 [@DESKTOP-N8DR5OG]
Interne #1 : Démarrage mailgate
2022-06-27 14:42:49 [@DESKTOP-N8DR5OG]
Interne #1 : Démarrage temp
2022-06-27 14:43:50 [@DESKTOP-N8DR5OG]
Interne #1 : Démarrage graph
2022-06-27 15:40:01 [@DESKTOP-N8DR5OG]
Interne #1 : Démarrage slaticket
2022-06-27 15:42:38 [@DESKTOP-N8DR5OG]
Interne #1 : Démarrage queuednotification
2022-06-27 15:42:39 [@DESKTOP-N8DR5OG]
Erreur dans l'envoi du courriel<br/>SMTP connect() failed. https://github.com/PHPMailer/PHPMailer/wiki/Troubleshooting
2022-06-27 15:42:39 [@DESKTOP-N8DR5OG]
Erreur dans l'envoi du courriel<br/>SMTP connect() failed. https://github.com/PHPMailer/PHPMailer/wiki/Troubleshooting
2022-06-27 15:42:39 [@DESKTOP-N8DR5OG]
Erreur dans l'envoi du courriel<br/>SMTP connect() failed. https://github.com/PHPMailer/PHPMailer/wiki/Troubleshooting
2022-06-27 15:43:27 [@DESKTOP-N8DR5OG]
Interne #1 : Démarrage planningrecall
2022-06-27 15:44:00 [@DESKTOP-N8DR5OG]
Interne #1 : Démarrage olaticket
2022-06-27 15:48:38 [@DESKTOP-N8DR5OG]
Interne #1 : Démarrage reservation
2022-06-27 15:48:51 [@DESKTOP-N8DR5OG]
Interne #1 : Démarrage mailgate
2022-06-27 15:49:12 [@DESKTOP-N8DR5OG]
Interne #1 : Démarrage RecurrentItems
2022-06-27 15:49:37 [@DESKTOP-N8DR5OG]
Interne #1 : Démarrage mailgateerror
2022-06-27 15:49:40 [@DESKTOP-N8DR5OG]
Interne #1 : Démarrage certificate
2022-06-27 15:59:27 [@DESKTOP-N8DR5OG]
Interne #1 : Démarrage temp
2022-06-27 15:59:30 [@DESKTOP-N8DR5OG]
Interne #1 : Démarrage graph
2022-06-27 15:59:32 [@DESKTOP-N8DR5OG]
Interne #1 : Démarrage queuednotification
2022-06-27 15:59:32 [@DESKTOP-N8DR5OG]
Erreur dans l'envoi du courriel<br/>SMTP connect() failed. https://github.com/PHPMailer/PHPMailer/wiki/Troubleshooting
2022-06-27 15:59:33 [@DESKTOP-N8DR5OG]
Erreur dans l'envoi du courriel<br/>SMTP connect() failed. https://github.com/PHPMailer/PHPMailer/wiki/Troubleshooting
2022-06-27 15:59:33 [@DESKTOP-N8DR5OG]
Erreur dans l'envoi du courriel<br/>SMTP connect() failed. https://github.com/PHPMailer/PHPMailer/wiki/Troubleshooting
2022-06-27 15:59:35 [@DESKTOP-N8DR5OG]
Interne #1 : Démarrage slaticket
2022-06-27 16:18:20 [@DESKTOP-N8DR5OG]
Interne #1 : Démarrage planningrecall
2022-06-27 16:18:29 [@DESKTOP-N8DR5OG]
Interne #1 : Démarrage olaticket
2022-06-27 16:21:53 [@DESKTOP-N8DR5OG]
Interne #1 : Démarrage mailgate
2022-06-27 16:39:30 [@DESKTOP-N8DR5OG]
Interne #1 : Démarrage queuednotification
2022-06-27 16:39:39 [@DESKTOP-N8DR5OG]
Erreur dans l'envoi du courriel<br/>SMTP connect() failed. https://github.com/PHPMailer/PHPMailer/wiki/Troubleshooting
2022-06-27 16:39:47 [@DESKTOP-N8DR5OG]
Erreur dans l'envoi du courriel<br/>SMTP connect() failed. https://github.com/PHPMailer/PHPMailer/wiki/Troubleshooting
2022-06-27 16:39:54 [@DESKTOP-N8DR5OG]
Erreur dans l'envoi du courriel<br/>SMTP connect() failed. https://github.com/PHPMailer/PHPMailer/wiki/Troubleshooting
2022-06-27 16:39:56 [@DESKTOP-N8DR5OG]
Interne #1 : Démarrage slaticket
2022-06-27 18:00:31 [2@DESKTOP-N8DR5OG]
Interne #1 : Démarrage planningrecall
2022-06-27 18:24:52 [2@DESKTOP-N8DR5OG]
Interne #1 : Démarrage olaticket
2022-06-27 18:27:54 [@DESKTOP-N8DR5OG]
Interne #1 : Démarrage mailgate
2022-06-28 02:11:37 [@DESKTOP-N8DR5OG]
Interne #1 : Démarrage queuednotification
2022-06-28 02:17:26 [2@DESKTOP-N8DR5OG]
Interne #1 : Démarrage slaticket
2022-06-28 02:23:28 [2@DESKTOP-N8DR5OG]
Interne #1 : Démarrage reservation
2022-06-28 02:30:18 [2@DESKTOP-N8DR5OG]
Interne #1 : Démarrage RecurrentItems
2022-06-28 02:49:53 [2@DESKTOP-N8DR5OG]
Interne #1 : Démarrage graph
2022-06-28 02:51:27 [@DESKTOP-N8DR5OG]
Interne #1 : Démarrage temp
2022-06-28 03:05:05 [2@DESKTOP-N8DR5OG]
Interne #1 : Démarrage planningrecall
2022-06-28 03:12:16 [2@DESKTOP-N8DR5OG]
Interne #1 : Démarrage olaticket
2022-06-28 03:25:22 [2@DESKTOP-N8DR5OG]
Interne #1 : Démarrage mailgate
2022-06-28 03:30:41 [2@DESKTOP-N8DR5OG]
Interne #1 : Démarrage closeticket
2022-06-28 03:37:11 [2@DESKTOP-N8DR5OG]
Interne #1 : Démarrage alertnotclosed
2022-06-28 03:42:15 [2@DESKTOP-N8DR5OG]
Interne #1 : Démarrage queuednotification
2022-06-28 03:47:22 [2@DESKTOP-N8DR5OG]
Interne #1 : Démarrage slaticket
2022-06-28 03:53:26 [2@DESKTOP-N8DR5OG]
Interne #1 : Démarrage planningrecall
2022-06-28 03:59:13 [2@DESKTOP-N8DR5OG]
Interne #1 : Démarrage olaticket
2022-06-28 03:59:19 [@DESKTOP-N8DR5OG]
Interne #1 : Démarrage reservation
2022-06-28 10:57:18 [@DESKTOP-N8DR5OG]
Interne #1 : Démarrage RecurrentItems
2022-06-28 11:07:35 [@DESKTOP-N8DR5OG]
Interne #1 : Démarrage mailgate
2022-06-28 11:12:00 [@DESKTOP-N8DR5OG]
Interne #1 : Démarrage queuednotification
2022-06-28 11:15:27 [@DESKTOP-N8DR5OG]
Interne #1 : Démarrage graph
2022-06-28 11:17:05 [@DESKTOP-N8DR5OG]
Interne #1 : Démarrage temp
2022-06-28 11:39:41 [@DESKTOP-N8DR5OG]
Interne #1 : Démarrage slaticket
2022-06-28 11:51:55 [@DESKTOP-N8DR5OG]
Interne #1 : Démarrage planningrecall
2022-06-28 11:58:54 [@DESKTOP-N8DR5OG]
Interne #1 : Démarrage olaticket
2022-06-28 12:31:44 [4@DESKTOP-N8DR5OG]
Interne #1 : Démarrage reservation
2022-06-28 12:36:12 [@DESKTOP-N8DR5OG]
Interne #1 : Démarrage contract
2022-06-28 12:48:58 [2@DESKTOP-N8DR5OG]
Interne #1 : Démarrage infocom
2022-06-28 12:56:27 [2@DESKTOP-N8DR5OG]
Interne #1 : Démarrage queuednotification
2022-06-28 17:24:11 [@DESKTOP-N8DR5OG]
Interne #1 : Démarrage mailgate
2022-06-28 17:41:56 [2@DESKTOP-N8DR5OG]
Interne #1 : Démarrage slaticket
2022-06-28 17:49:40 [2@DESKTOP-N8DR5OG]
Interne #1 : Démarrage planningrecall
2022-06-28 18:05:35 [2@DESKTOP-N8DR5OG]
Interne #1 : Démarrage RecurrentItems
2022-06-28 20:05:01 [2@DESKTOP-N8DR5OG]
Interne #1 : Démarrage olaticket
2022-06-28 20:20:32 [2@DESKTOP-N8DR5OG]
Interne #1 : Démarrage session
2022-06-28 20:26:03 [2@DESKTOP-N8DR5OG]
Interne #1 : Démarrage graph
2022-06-29 13:52:18 [@DESKTOP-N8DR5OG]
Interne #1 : Démarrage temp
2022-07-04 16:31:57 [2@DESKTOP-N8DR5OG]
Interne #1 : Démarrage createinquest
2022-07-04 16:44:18 [2@DESKTOP-N8DR5OG]
Interne #1 : Démarrage watcher
2022-07-04 16:50:18 [2@DESKTOP-N8DR5OG]
Interne #1 : Démarrage queuednotificationclean
2022-07-04 17:19:48 [2@DESKTOP-N8DR5OG]
Interne #1 : Démarrage queuednotification
2022-07-04 18:51:05 [2@DESKTOP-N8DR5OG]
Interne #1 : Démarrage reservation
2022-07-09 05:28:31 [@DESKTOP-N8DR5OG]
Interne #1 : Démarrage closeticket
2022-07-13 19:33:35 [2@DESKTOP-N8DR5OG]
Interne #1 : Démarrage alertnotclosed
2022-08-04 20:56:56 [@DESKTOP-N8DR5OG]
Interne #1 : Démarrage mailgateerror
2022-08-04 21:56:35 [2@DESKTOP-N8DR5OG]
Interne #1 : Démarrage certificate
2022-08-04 21:56:53 [@DESKTOP-N8DR5OG]
Interne #1 : Démarrage mailgate
2022-08-10 01:59:01 [@DESKTOP-N8DR5OG]
Interne #1 : Démarrage slaticket
2022-08-10 01:59:22 [@DESKTOP-N8DR5OG]
Interne #1 : Démarrage planningrecall
2022-08-10 02:49:14 [2@DESKTOP-N8DR5OG]
Interne #1 : Démarrage RecurrentItems
2022-08-10 19:50:27 [@DESKTOP-N8DR5OG]
Interne #1 : Démarrage olaticket
2022-08-10 19:51:53 [@DESKTOP-N8DR5OG]
Interne #1 : Démarrage graph
2022-08-10 19:57:20 [@DESKTOP-N8DR5OG]
Interne #1 : Démarrage contract
2022-08-10 20:05:38 [@DESKTOP-N8DR5OG]
Interne #1 : Démarrage infocom
2022-08-21 06:51:26 [@DESKTOP-N8DR5OG]
Interne #1 : Démarrage temp
2022-08-22 03:24:06 [@DESKTOP-N8DR5OG]
Interne #1 : Démarrage session
2022-08-22 03:24:21 [@DESKTOP-N8DR5OG]
Interne #1 : Démarrage queuednotification
2022-08-22 03:24:28 [@DESKTOP-N8DR5OG]
Interne #1 : Démarrage reservation
2022-08-22 03:34:53 [2@DESKTOP-N8DR5OG]
Interne #1 : Démarrage createinquest
2022-08-22 03:48:54 [2@DESKTOP-N8DR5OG]
Interne #1 : Démarrage watcher
2022-08-22 03:54:00 [2@DESKTOP-N8DR5OG]
Interne #1 : Démarrage queuednotificationclean
2022-08-22 04:00:18 [2@DESKTOP-N8DR5OG]
Interne #1 : Démarrage closeticket
2022-08-22 04:00:45 [@DESKTOP-N8DR5OG]
Interne #1 : Démarrage alertnotclosed
2022-08-22 04:01:08 [@DESKTOP-N8DR5OG]
Interne #1 : Démarrage mailgate
2022-08-22 04:01:28 [@DESKTOP-N8DR5OG]
Interne #1 : Démarrage mailgateerror
2022-08-22 04:02:27 [@DESKTOP-N8DR5OG]
Interne #1 : Démarrage certificate
2022-08-22 04:04:25 [@DESKTOP-N8DR5OG]
Interne #1 : Démarrage slaticket
2022-08-22 04:24:15 [@DESKTOP-N8DR5OG]
Interne #1 : Démarrage planningrecall
2022-08-22 04:24:46 [@DESKTOP-N8DR5OG]
Interne #1 : Démarrage RecurrentItems
2022-08-22 04:39:23 [2@DESKTOP-N8DR5OG]
Interne #1 : Démarrage olaticket
2022-08-22 04:40:03 [@DESKTOP-N8DR5OG]
Interne #1 : Démarrage graph
2022-08-22 05:51:10 [4@DESKTOP-N8DR5OG]
Interne #1 : Démarrage contract
2022-08-22 06:11:01 [4@DESKTOP-N8DR5OG]
Interne #1 : Démarrage infocom
2022-08-22 06:16:03 [4@DESKTOP-N8DR5OG]
Interne #1 : Démarrage temp
2022-08-23 13:49:49 [@DESKTOP-N8DR5OG]
Ne peut récupérer le verrou sur la BDD
2022-08-23 13:49:51 [@DESKTOP-N8DR5OG]
Interne #1 : Démarrage queuednotification
2022-08-23 13:56:41 [@DESKTOP-N8DR5OG]
Interne #1 : Démarrage slaticket
2022-08-23 14:15:44 [@DESKTOP-N8DR5OG]
Interne #1 : Démarrage mailgate
2022-08-23 18:25:08 [2@DESKTOP-N8DR5OG]
Interne #1 : Démarrage reservation
2022-08-23 18:50:42 [2@DESKTOP-N8DR5OG]
Interne #1 : Démarrage planningrecall
2022-08-23 19:01:26 [2@DESKTOP-N8DR5OG]
Interne #1 : Démarrage olaticket
2022-08-23 19:33:02 [2@DESKTOP-N8DR5OG]
Interne #1 : Démarrage RecurrentItems
2022-08-23 19:33:34 [@DESKTOP-N8DR5OG]
Interne #1 : Démarrage graph
2022-08-23 19:35:03 [@DESKTOP-N8DR5OG]
Interne #1 : Démarrage temp
2022-08-23 19:42:46 [@DESKTOP-N8DR5OG]
Interne #1 : Démarrage closeticket
2022-08-23 19:45:50 [@DESKTOP-N8DR5OG]
Interne #1 : Démarrage alertnotclosed
2022-08-23 19:48:20 [@DESKTOP-N8DR5OG]
Interne #1 : Démarrage session
2022-08-23 20:00:35 [4@DESKTOP-N8DR5OG]
Interne #1 : Démarrage createinquest
2022-08-24 00:08:37 [4@DESKTOP-N8DR5OG]
Interne #1 : Démarrage watcher
2022-08-24 00:22:38 [@DESKTOP-N8DR5OG]
Interne #1 : Démarrage queuednotificationclean
2022-08-24 00:26:17 [@DESKTOP-N8DR5OG]
Interne #1 : Démarrage mailgateerror
2022-08-24 17:37:57 [@DESKTOP-N8DR5OG]
Interne #1 : Démarrage certificate
2022-08-24 17:45:03 [7@DESKTOP-N8DR5OG]
Interne #1 : Démarrage contract
2022-08-24 17:45:12 [@DESKTOP-N8DR5OG]
Interne #1 : Démarrage infocom
2022-08-24 17:52:01 [2@DESKTOP-N8DR5OG]
Interne #1 : Démarrage queuednotification
2022-08-24 17:54:42 [@DESKTOP-N8DR5OG]
Interne #1 : Démarrage slaticket
2022-08-24 17:58:02 [@DESKTOP-N8DR5OG]
Interne #1 : Démarrage mailgate
2022-08-24 17:58:22 [@DESKTOP-N8DR5OG]
Interne #1 : Démarrage planningrecall
2022-08-24 18:03:47 [2@DESKTOP-N8DR5OG]
Interne #1 : Démarrage olaticket
2022-08-24 18:08:50 [2@DESKTOP-N8DR5OG]
Interne #1 : Démarrage reservation
2022-08-24 18:14:50 [2@DESKTOP-N8DR5OG]
Interne #1 : Démarrage graph
2022-08-24 18:15:47 [@DESKTOP-N8DR5OG]
Interne #1 : Démarrage RecurrentItems
2022-08-24 18:17:08 [@DESKTOP-N8DR5OG]
Interne #1 : Démarrage temp
2022-08-24 18:17:25 [@DESKTOP-N8DR5OG]
Interne #1 : Démarrage closeticket
2022-08-29 13:34:46 [7@DESKTOP-N8DR5OG]
Interne #1 : Démarrage alertnotclosed
2022-08-29 13:41:02 [7@DESKTOP-N8DR5OG]
Interne #1 : Démarrage queuednotification
2022-08-29 13:42:12 [@DESKTOP-N8DR5OG]
Interne #1 : Démarrage slaticket
2022-08-29 13:47:28 [2@DESKTOP-N8DR5OG]
Interne #1 : Démarrage planningrecall
2022-08-29 13:53:51 [2@DESKTOP-N8DR5OG]
Interne #1 : Démarrage mailgate
2022-08-29 14:04:55 [2@DESKTOP-N8DR5OG]
Interne #1 : Démarrage olaticket
2022-08-29 14:09:17 [@DESKTOP-N8DR5OG]
Interne #1 : Démarrage reservation
2022-08-29 14:10:03 [@DESKTOP-N8DR5OG]
Interne #1 : Démarrage graph
2022-08-29 14:11:43 [@DESKTOP-N8DR5OG]
Interne #1 : Démarrage RecurrentItems
2022-08-29 14:39:26 [11@DESKTOP-N8DR5OG]
Interne #1 : Démarrage temp
2022-08-29 14:39:43 [@DESKTOP-N8DR5OG]
Interne #1 : Démarrage session
2022-08-29 14:39:59 [@DESKTOP-N8DR5OG]
Interne #1 : Démarrage createinquest
2022-08-29 14:47:07 [2@DESKTOP-N8DR5OG]
Interne #1 : Démarrage watcher
2022-08-29 14:55:36 [2@DESKTOP-N8DR5OG]
Interne #1 : Démarrage queuednotificationclean
2022-08-29 15:04:38 [2@DESKTOP-N8DR5OG]
Interne #1 : Démarrage mailgateerror
2022-08-29 18:27:31 [@DESKTOP-N8DR5OG]
Interne #1 : Démarrage closeticket
2022-08-29 18:29:54 [@DESKTOP-N8DR5OG]
Interne #1 : Démarrage certificate
2022-08-29 18:36:04 [7@DESKTOP-N8DR5OG]
Interne #1 : Démarrage contract
2022-08-29 18:39:22 [@DESKTOP-N8DR5OG]
Interne #1 : Démarrage infocom
2022-08-29 18:48:46 [2@DESKTOP-N8DR5OG]
Interne #1 : Démarrage queuednotification
2022-08-29 18:50:54 [@DESKTOP-N8DR5OG]
Interne #1 : Démarrage slaticket
2022-08-30 13:16:54 [@DESKTOP-N8DR5OG]
Interne #1 : Démarrage planningrecall
2022-08-30 13:52:56 [@DESKTOP-N8DR5OG]
Interne #1 : Démarrage mailgate
2022-08-30 14:07:43 [@DESKTOP-N8DR5OG]
Interne #1 : Démarrage olaticket
2022-08-30 14:08:24 [@DESKTOP-N8DR5OG]
Interne #1 : Démarrage reservation
2022-08-30 14:09:42 [@DESKTOP-N8DR5OG]
Interne #1 : Démarrage graph
2022-08-30 14:15:06 [@DESKTOP-N8DR5OG]
Interne #1 : Démarrage RecurrentItems
2022-08-30 14:15:36 [@DESKTOP-N8DR5OG]
Interne #1 : Démarrage temp
2022-08-30 14:16:02 [@DESKTOP-N8DR5OG]
Interne #1 : Démarrage queuednotification
2022-08-30 14:19:48 [@DESKTOP-N8DR5OG]
Interne #1 : Démarrage slaticket
2022-08-30 14:20:27 [@DESKTOP-N8DR5OG]
Interne #1 : Démarrage alertnotclosed
2022-08-30 14:30:39 [@DESKTOP-N8DR5OG]
Interne #1 : Démarrage closeticket
2022-08-30 14:31:47 [@DESKTOP-N8DR5OG]
Interne #1 : Démarrage planningrecall
2022-08-30 14:32:42 [@DESKTOP-N8DR5OG]
Interne #1 : Démarrage mailgate
2022-08-30 14:32:51 [@DESKTOP-N8DR5OG]
Interne #1 : Démarrage olaticket
2022-08-30 14:32:59 [@DESKTOP-N8DR5OG]
Interne #1 : Démarrage queuednotification
2022-08-30 14:33:06 [@DESKTOP-N8DR5OG]
Interne #1 : Démarrage slaticket
2022-08-30 14:36:00 [@DESKTOP-N8DR5OG]
Interne #1 : Démarrage queuednotification
2022-08-30 14:36:12 [@DESKTOP-N8DR5OG]
Interne #1 : Démarrage planningrecall
2022-08-30 14:36:41 [@DESKTOP-N8DR5OG]
Interne #1 : Rien à lancer
2022-08-30 14:37:08 [@DESKTOP-N8DR5OG]
Interne #1 : Démarrage queuednotification
2022-08-30 14:39:37 [@DESKTOP-N8DR5OG]
Interne #1 : Démarrage olaticket
2022-08-30 14:42:09 [@DESKTOP-N8DR5OG]
Interne #1 : Démarrage slaticket
2022-08-30 14:42:57 [@DESKTOP-N8DR5OG]
Interne #1 : Démarrage queuednotification
2022-08-30 14:43:52 [@DESKTOP-N8DR5OG]
Interne #1 : Démarrage session
2022-08-30 14:44:28 [@DESKTOP-N8DR5OG]
Interne #1 : Démarrage createinquest
2022-08-30 14:44:52 [@DESKTOP-N8DR5OG]
Interne #1 : Démarrage planningrecall
2022-08-30 14:45:49 [@DESKTOP-N8DR5OG]
Interne #1 : Démarrage mailgate
2022-08-30 14:46:03 [@DESKTOP-N8DR5OG]
Interne #1 : Démarrage queuednotification
2022-08-30 14:46:21 [@DESKTOP-N8DR5OG]
Interne #1 : Démarrage olaticket
2022-08-30 14:46:51 [@DESKTOP-N8DR5OG]
Interne #1 : Rien à lancer
2022-08-30 14:47:01 [@DESKTOP-N8DR5OG]
Interne #1 : Démarrage slaticket
2022-08-30 14:47:35 [@DESKTOP-N8DR5OG]
Interne #1 : Démarrage watcher
2022-08-30 14:49:32 [@DESKTOP-N8DR5OG]
Interne #1 : Démarrage queuednotification
2022-08-30 14:51:21 [@DESKTOP-N8DR5OG]
Interne #1 : Démarrage planningrecall
2022-08-30 15:02:46 [7@DESKTOP-N8DR5OG]
Interne #1 : Démarrage queuednotification
2022-08-30 15:03:03 [7@DESKTOP-N8DR5OG]
Interne #1 : Démarrage olaticket
2022-08-30 15:05:50 [@DESKTOP-N8DR5OG]
Interne #1 : Démarrage slaticket
2022-08-30 15:06:03 [@DESKTOP-N8DR5OG]
Interne #1 : Démarrage mailgate
2022-08-30 15:38:09 [7@DESKTOP-N8DR5OG]
Interne #1 : Démarrage queuednotificationclean
2022-08-30 16:34:46 [7@DESKTOP-N8DR5OG]
Interne #1 : Démarrage planningrecall
2022-08-30 17:05:06 [7@DESKTOP-N8DR5OG]
Interne #1 : Démarrage queuednotification
2022-08-30 17:05:18 [@DESKTOP-N8DR5OG]
Interne #1 : Démarrage mailgateerror
2022-08-30 17:05:56 [@DESKTOP-N8DR5OG]
Interne #1 : Démarrage reservation
2022-08-30 17:36:38 [@DESKTOP-N8DR5OG]
Interne #1 : Démarrage olaticket
2022-08-30 18:27:58 [@DESKTOP-N8DR5OG]
Interne #1 : Démarrage graph
2022-08-30 18:37:05 [@DESKTOP-N8DR5OG]
Interne #1 : Démarrage slaticket
2022-08-30 18:38:16 [@DESKTOP-N8DR5OG]
Interne #1 : Démarrage RecurrentItems
2022-08-30 18:38:28 [@DESKTOP-N8DR5OG]
Interne #1 : Démarrage temp
2022-08-30 18:40:33 [@DESKTOP-N8DR5OG]
Interne #1 : Démarrage mailgate
2022-08-30 18:40:58 [@DESKTOP-N8DR5OG]
Interne #1 : Démarrage planningrecall
2022-08-30 19:32:01 [@DESKTOP-N8DR5OG]
Interne #1 : Démarrage queuednotification
2022-08-30 19:45:08 [@DESKTOP-N8DR5OG]
Interne #1 : Démarrage olaticket
2022-08-30 19:46:38 [@DESKTOP-N8DR5OG]
Interne #1 : Démarrage reservation
2022-08-30 19:56:04 [@DESKTOP-N8DR5OG]
Interne #1 : Démarrage certificate
2022-08-30 19:57:05 [@DESKTOP-N8DR5OG]
Interne #1 : Démarrage contract
2022-08-30 19:57:20 [@DESKTOP-N8DR5OG]
Interne #1 : Démarrage infocom
2022-08-30 19:58:00 [7@DESKTOP-N8DR5OG]
Interne #1 : Démarrage slaticket
2022-08-31 01:49:24 [@DESKTOP-N8DR5OG]
Interne #1 : Démarrage planningrecall
2022-08-31 01:50:38 [@DESKTOP-N8DR5OG]
Interne #1 : Démarrage mailgate
2022-08-31 10:48:10 [@DESKTOP-N8DR5OG]
Interne #1 : Démarrage queuednotification
2022-08-31 10:52:07 [@DESKTOP-N8DR5OG]
Interne #1 : Démarrage RecurrentItems
2022-08-31 10:52:09 [@DESKTOP-N8DR5OG]
Interne #1 : Démarrage temp
2022-08-31 11:15:07 [@DESKTOP-N8DR5OG]
Interne #1 : Démarrage olaticket
2022-08-31 11:28:44 [@DESKTOP-N8DR5OG]
Interne #1 : Démarrage slaticket
2022-08-31 13:35:45 [@DESKTOP-N8DR5OG]
Interne #1 : Démarrage reservation
2022-08-31 13:36:57 [@DESKTOP-N8DR5OG]
Interne #1 : Démarrage planningrecall
2022-08-31 13:49:48 [@DESKTOP-N8DR5OG]
Interne #1 : Démarrage mailgate
2022-08-31 13:50:05 [@DESKTOP-N8DR5OG]
Interne #1 : Démarrage alertnotclosed
2022-08-31 13:50:18 [@DESKTOP-N8DR5OG]
Interne #1 : Démarrage closeticket
2022-08-31 14:07:07 [2@DESKTOP-N8DR5OG]
Interne #1 : Démarrage queuednotification
2022-08-31 14:07:43 [@DESKTOP-N8DR5OG]
Interne #1 : Démarrage olaticket
2022-08-31 14:10:50 [@DESKTOP-N8DR5OG]
Interne #1 : Démarrage slaticket
2022-08-31 14:44:26 [@DESKTOP-N8DR5OG]
Interne #1 : Démarrage RecurrentItems
2022-08-31 14:46:06 [@DESKTOP-N8DR5OG]
Interne #1 : Démarrage temp
2022-08-31 14:46:45 [@DESKTOP-N8DR5OG]
Interne #1 : Démarrage planningrecall
2022-08-31 14:46:55 [@DESKTOP-N8DR5OG]
Interne #1 : Démarrage mailgate
2022-08-31 14:49:14 [@DESKTOP-N8DR5OG]
Interne #1 : Démarrage queuednotification
2022-08-31 14:49:40 [@DESKTOP-N8DR5OG]
Interne #1 : Démarrage olaticket
2022-08-31 14:50:14 [@DESKTOP-N8DR5OG]
Interne #1 : Démarrage slaticket
2022-08-31 14:50:43 [@DESKTOP-N8DR5OG]
Interne #1 : Démarrage reservation
2022-08-31 14:51:33 [@DESKTOP-N8DR5OG]
Interne #1 : Démarrage session
2022-08-31 14:56:44 [@DESKTOP-N8DR5OG]
Interne #1 : Démarrage createinquest
2022-08-31 15:01:48 [@DESKTOP-N8DR5OG]
Interne #1 : Démarrage watcher
2022-08-31 15:02:29 [@DESKTOP-N8DR5OG]
Interne #1 : Démarrage queuednotification
2022-08-31 15:03:31 [@DESKTOP-N8DR5OG]
Interne #1 : Démarrage planningrecall
2022-08-31 15:24:34 [@DESKTOP-N8DR5OG]
Interne #1 : Démarrage olaticket
2022-08-31 15:24:37 [@DESKTOP-N8DR5OG]
Interne #1 : Démarrage slaticket
2022-08-31 15:26:01 [@DESKTOP-N8DR5OG]
Interne #1 : Démarrage mailgate
2022-08-31 15:26:08 [@DESKTOP-N8DR5OG]
Interne #1 : Démarrage queuednotification
2022-08-31 15:26:13 [@DESKTOP-N8DR5OG]
Interne #1 : Démarrage planningrecall
2022-08-31 15:26:15 [@DESKTOP-N8DR5OG]
Interne #1 : Rien à lancer
2022-08-31 15:28:28 [@DESKTOP-N8DR5OG]
Interne #1 : Démarrage queuednotification
2022-08-31 15:28:31 [@DESKTOP-N8DR5OG]
Interne #1 : Rien à lancer
2022-08-31 15:31:10 [@DESKTOP-N8DR5OG]
Interne #1 : Démarrage slaticket
2022-08-31 15:31:13 [@DESKTOP-N8DR5OG]
Interne #1 : Démarrage queuednotification
2022-08-31 15:31:16 [@DESKTOP-N8DR5OG]
Interne #1 : Démarrage olaticket
2022-08-31 15:32:30 [@DESKTOP-N8DR5OG]
Interne #1 : Démarrage planningrecall
2022-08-31 15:33:08 [@DESKTOP-N8DR5OG]
Interne #1 : Démarrage queuednotification
2022-08-31 15:40:37 [@DESKTOP-N8DR5OG]
Interne #1 : Démarrage queuednotification
2022-08-31 15:43:23 [@DESKTOP-N8DR5OG]
Interne #1 : Démarrage mailgate
2022-08-31 15:43:25 [@DESKTOP-N8DR5OG]
Interne #1 : Démarrage slaticket
2022-08-31 15:47:47 [@DESKTOP-N8DR5OG]
Interne #1 : Démarrage olaticket
2022-08-31 15:50:17 [@DESKTOP-N8DR5OG]
Interne #1 : Démarrage planningrecall
2022-08-31 15:50:43 [@DESKTOP-N8DR5OG]
Interne #1 : Démarrage queuednotificationclean
2022-08-31 15:53:34 [@DESKTOP-N8DR5OG]
Interne #1 : Démarrage queuednotification
2022-08-31 15:55:59 [@DESKTOP-N8DR5OG]
Interne #1 : Démarrage RecurrentItems
2022-08-31 15:56:22 [@DESKTOP-N8DR5OG]
Interne #1 : Démarrage temp
2022-08-31 15:56:55 [@DESKTOP-N8DR5OG]
Interne #1 : Démarrage slaticket
2022-08-31 15:58:39 [@DESKTOP-N8DR5OG]
Interne #1 : Démarrage reservation
2022-08-31 15:59:37 [@DESKTOP-N8DR5OG]
Interne #1 : Démarrage olaticket
2022-08-31 16:04:58 [@DESKTOP-N8DR5OG]
Interne #1 : Démarrage mailgate
2022-08-31 16:13:31 [@DESKTOP-N8DR5OG]
Interne #1 : Démarrage queuednotification
2022-08-31 16:13:34 [@DESKTOP-N8DR5OG]
Interne #1 : Démarrage planningrecall
2022-08-31 16:15:26 [@DESKTOP-N8DR5OG]
Interne #1 : Démarrage slaticket
2022-08-31 16:15:28 [@DESKTOP-N8DR5OG]
Interne #1 : Démarrage olaticket
2022-08-31 16:18:31 [@DESKTOP-N8DR5OG]
Interne #1 : Démarrage mailgate
2022-08-31 16:19:55 [@DESKTOP-N8DR5OG]
Interne #1 : Démarrage queuednotification
2022-08-31 16:20:36 [@DESKTOP-N8DR5OG]
Interne #1 : Démarrage planningrecall
2022-08-31 16:20:38 [@DESKTOP-N8DR5OG]
Interne #1 : Démarrage slaticket
2022-08-31 16:21:10 [@DESKTOP-N8DR5OG]
Interne #1 : Démarrage queuednotification
2022-08-31 16:21:52 [@DESKTOP-N8DR5OG]
Interne #1 : Démarrage olaticket
2022-08-31 16:23:12 [@DESKTOP-N8DR5OG]
Interne #1 : Démarrage queuednotification
2022-08-31 16:25:15 [@DESKTOP-N8DR5OG]
Interne #1 : Démarrage queuednotification
2022-08-31 16:25:22 [@DESKTOP-N8DR5OG]
Interne #1 : Démarrage slaticket
2022-08-31 16:26:06 [@DESKTOP-N8DR5OG]
Interne #1 : Démarrage planningrecall
2022-08-31 16:26:25 [@DESKTOP-N8DR5OG]
Interne #1 : Démarrage queuednotification
2022-08-31 16:27:34 [@DESKTOP-N8DR5OG]
Interne #1 : Démarrage olaticket
2022-08-31 16:28:00 [@DESKTOP-N8DR5OG]
Interne #1 : Démarrage queuednotification
2022-08-31 16:28:05 [@DESKTOP-N8DR5OG]
Interne #1 : Démarrage mailgate
2022-08-31 16:30:01 [@DESKTOP-N8DR5OG]
Interne #1 : Démarrage queuednotification
2022-08-31 16:30:04 [@DESKTOP-N8DR5OG]
Interne #1 : Démarrage slaticket
2022-08-31 16:34:20 [@DESKTOP-N8DR5OG]
Interne #1 : Démarrage planningrecall
2022-08-31 16:37:23 [@DESKTOP-N8DR5OG]
Interne #1 : Démarrage queuednotification
2022-08-31 16:37:55 [@DESKTOP-N8DR5OG]
Interne #1 : Démarrage olaticket
2022-08-31 16:37:59 [@DESKTOP-N8DR5OG]
Interne #1 : Démarrage slaticket
2022-08-31 16:39:26 [@DESKTOP-N8DR5OG]
Interne #1 : Démarrage mailgate
2022-08-31 16:40:08 [@DESKTOP-N8DR5OG]
Interne #1 : Démarrage queuednotification
2022-08-31 16:40:40 [@DESKTOP-N8DR5OG]
Interne #1 : Démarrage planningrecall
2022-08-31 16:40:47 [@DESKTOP-N8DR5OG]
Interne #1 : Rien à lancer
2022-08-31 16:42:49 [@DESKTOP-N8DR5OG]
Interne #1 : Démarrage queuednotification
2022-08-31 16:43:33 [@DESKTOP-N8DR5OG]
Interne #1 : Démarrage slaticket
2022-08-31 16:45:44 [@DESKTOP-N8DR5OG]
Interne #1 : Démarrage olaticket
2022-08-31 16:50:41 [@DESKTOP-N8DR5OG]
Interne #1 : Démarrage queuednotification
2022-08-31 16:52:09 [@DESKTOP-N8DR5OG]
Interne #1 : Démarrage planningrecall
2022-08-31 16:52:11 [@DESKTOP-N8DR5OG]
Interne #1 : Démarrage slaticket
2022-08-31 16:52:49 [@DESKTOP-N8DR5OG]
Interne #1 : Démarrage mailgate
2022-08-31 16:52:51 [@DESKTOP-N8DR5OG]
Interne #1 : Démarrage olaticket
2022-08-31 16:53:17 [@DESKTOP-N8DR5OG]
Interne #1 : Démarrage queuednotification
2022-08-31 16:53:18 [@DESKTOP-N8DR5OG]
Interne #1 : Rien à lancer
2022-08-31 16:53:53 [@DESKTOP-N8DR5OG]
Interne #1 : Rien à lancer
2022-08-31 16:56:04 [@DESKTOP-N8DR5OG]
Interne #1 : Démarrage queuednotification
2022-08-31 16:59:25 [2@DESKTOP-N8DR5OG]
Interne #1 : Démarrage RecurrentItems
2022-08-31 17:00:31 [2@DESKTOP-N8DR5OG]
Interne #1 : Démarrage temp
2022-08-31 17:00:54 [2@DESKTOP-N8DR5OG]
Interne #1 : Démarrage slaticket
2022-08-31 17:02:13 [2@DESKTOP-N8DR5OG]
Interne #1 : Démarrage planningrecall
2022-08-31 17:02:48 [2@DESKTOP-N8DR5OG]
Interne #1 : Démarrage queuednotification
2022-08-31 17:03:24 [2@DESKTOP-N8DR5OG]
Interne #1 : Démarrage olaticket
2022-08-31 17:03:43 [2@DESKTOP-N8DR5OG]
Interne #1 : Démarrage reservation
2022-08-31 17:03:53 [2@DESKTOP-N8DR5OG]
Interne #1 : Démarrage mailgate
2022-08-31 17:04:08 [2@DESKTOP-N8DR5OG]
Interne #1 : Démarrage queuednotification
2022-08-31 17:04:21 [2@DESKTOP-N8DR5OG]
Interne #1 : Rien à lancer
2022-08-31 17:04:36 [2@DESKTOP-N8DR5OG]
Interne #1 : Rien à lancer
2022-08-31 17:05:23 [2@DESKTOP-N8DR5OG]
Interne #1 : Démarrage slaticket
2022-08-31 17:05:50 [2@DESKTOP-N8DR5OG]
Interne #1 : Démarrage queuednotification
2022-08-31 17:06:26 [2@DESKTOP-N8DR5OG]
Interne #1 : Démarrage mailgateerror
2022-08-31 17:08:25 [2@DESKTOP-N8DR5OG]
Interne #1 : Démarrage queuednotification
2022-08-31 17:08:35 [2@DESKTOP-N8DR5OG]
Interne #1 : Démarrage planningrecall
2022-08-31 17:08:55 [2@DESKTOP-N8DR5OG]
Interne #1 : Démarrage olaticket
2022-08-31 17:10:31 [2@DESKTOP-N8DR5OG]
Interne #1 : Démarrage queuednotification
2022-08-31 17:12:17 [2@DESKTOP-N8DR5OG]
Interne #1 : Démarrage slaticket
2022-08-31 17:12:26 [2@DESKTOP-N8DR5OG]
Interne #1 : Démarrage queuednotification
2022-08-31 17:13:47 [2@DESKTOP-N8DR5OG]
Interne #1 : Démarrage mailgate
2022-08-31 17:13:50 [2@DESKTOP-N8DR5OG]
Interne #1 : Démarrage planningrecall
2022-08-31 17:13:54 [2@DESKTOP-N8DR5OG]
Interne #1 : Démarrage queuednotification
2022-08-31 17:13:57 [2@DESKTOP-N8DR5OG]
Interne #1 : Démarrage olaticket
2022-08-31 17:14:08 [2@DESKTOP-N8DR5OG]
Interne #1 : Démarrage queuednotification
2022-08-31 17:14:45 [2@DESKTOP-N8DR5OG]
Interne #1 : Rien à lancer
2022-08-31 17:14:51 [2@DESKTOP-N8DR5OG]
Interne #1 : Rien à lancer
2022-08-31 17:14:54 [2@DESKTOP-N8DR5OG]
Interne #1 : Rien à lancer
2022-08-31 17:15:08 [2@DESKTOP-N8DR5OG]
Interne #1 : Démarrage queuednotification
2022-08-31 17:16:33 [2@DESKTOP-N8DR5OG]
Interne #1 : Démarrage queuednotification
2022-08-31 17:16:41 [2@DESKTOP-N8DR5OG]
Interne #1 : Rien à lancer
2022-08-31 17:18:19 [2@DESKTOP-N8DR5OG]
Interne #1 : Démarrage slaticket
2022-09-01 13:56:25 [2@DESKTOP-N8DR5OG]
Interne #1 : Démarrage queuednotification
2022-09-02 15:44:00 [@DESKTOP-N8DR5OG]
Interne #1 : Démarrage planningrecall
2022-09-02 15:44:12 [@DESKTOP-N8DR5OG]
Interne #1 : Démarrage olaticket
2022-09-03 01:32:09 [@DESKTOP-N8DR5OG]
Interne #1 : Démarrage mailgate
2022-09-06 15:25:19 [@DESKTOP-N8DR5OG]
Interne #1 : Démarrage slaticket
2022-09-06 15:25:28 [@DESKTOP-N8DR5OG]
Interne #1 : Démarrage RecurrentItems
2022-09-06 15:26:02 [@DESKTOP-N8DR5OG]
Interne #1 : Démarrage temp
2022-09-06 15:32:13 [7@DESKTOP-N8DR5OG]
Interne #1 : Démarrage reservation
2022-09-06 15:32:30 [@DESKTOP-N8DR5OG]
Interne #1 : Démarrage certificate
