2022-04-29 17:26:49 [@DESKTOP-N8DR5OG]
[login] 3: glpi se connecte depuis l'IP ::1
2022-04-29 17:28:09 [@DESKTOP-N8DR5OG]
[login] 3: tech se connecte depuis l'IP ::1
2022-04-29 17:29:16 [@DESKTOP-N8DR5OG]
[login] 3: glpi se connecte depuis l'IP ::1
2022-04-29 17:59:38 [@DESKTOP-N8DR5OG]
[login] 3: glpi se connecte depuis l'IP ::1
2022-04-30 02:35:50 [@DESKTOP-N8DR5OG]
[login] 3: glpi se connecte depuis l'IP ::1
2022-04-30 02:39:06 [@DESKTOP-N8DR5OG]
[login] 3: Connexion échouée de normal depuis l'IP ::1
2022-04-30 02:39:52 [@DESKTOP-N8DR5OG]
[login] 3: normal se connecte depuis l'IP ::1
2022-05-01 03:39:48 [@DESKTOP-N8DR5OG]
[login] 3: normal se connecte depuis l'IP ::1
2022-05-01 03:40:50 [@DESKTOP-N8DR5OG]
[login] 3: glpi se connecte depuis l'IP ::1
2022-05-03 10:34:31 [@DESKTOP-N8DR5OG]
[login] 3: glpi se connecte depuis l'IP ::1
2022-05-03 11:49:30 [@DESKTOP-N8DR5OG]
[login] 3: normal se connecte depuis l'IP ::1
2022-05-03 12:06:04 [@DESKTOP-N8DR5OG]
[login] 3: glpi se connecte depuis l'IP ::1
2022-05-03 14:20:20 [@DESKTOP-N8DR5OG]
[login] 3: glpi se connecte depuis l'IP ::1
2022-05-03 14:42:15 [@DESKTOP-N8DR5OG]
[login] 3: glpi se connecte depuis l'IP ::1
2022-05-03 14:45:23 [@DESKTOP-N8DR5OG]
[login] 3: glpi se connecte depuis l'IP ::1
2022-05-03 14:47:40 [@DESKTOP-N8DR5OG]
[login] 3: glpi se connecte depuis l'IP ::1
2022-05-03 15:12:11 [@DESKTOP-N8DR5OG]
[login] 3: glpi se connecte depuis l'IP ::1
2022-05-03 15:33:32 [@DESKTOP-N8DR5OG]
[login] 3: glpi se connecte depuis l'IP ::1
2022-05-03 16:32:07 [@DESKTOP-N8DR5OG]
[login] 3: normal se connecte depuis l'IP ::1
2022-05-03 16:33:12 [@DESKTOP-N8DR5OG]
[login] 3: normal se connecte depuis l'IP ::1
2022-05-03 16:35:25 [@DESKTOP-N8DR5OG]
[login] 3: glpi se connecte depuis l'IP ::1
2022-05-03 16:37:14 [@DESKTOP-N8DR5OG]
[login] 3: aude se connecte depuis l'IP ::1
2022-05-03 17:00:02 [@DESKTOP-N8DR5OG]
[login] 3: glpi se connecte depuis l'IP ::1
2022-05-03 19:33:34 [@DESKTOP-N8DR5OG]
[login] 3: glpi se connecte depuis l'IP ::1
2022-05-04 02:24:41 [@DESKTOP-N8DR5OG]
[login] 3: glpi se connecte depuis l'IP ::1
2022-05-04 02:25:45 [@DESKTOP-N8DR5OG]
[login] 3: aude se connecte depuis l'IP ::1
2022-05-04 02:28:20 [@DESKTOP-N8DR5OG]
[login] 3: Connexion échouée de tech depuis l'IP ::1
2022-05-04 02:28:56 [@DESKTOP-N8DR5OG]
[login] 3: tech se connecte depuis l'IP ::1
2022-05-04 11:55:43 [@DESKTOP-N8DR5OG]
[login] 3: aude se connecte depuis l'IP ::1
2022-05-04 16:54:26 [@DESKTOP-N8DR5OG]
[login] 3: aude se connecte depuis l'IP ::1
2022-05-04 17:18:08 [@DESKTOP-N8DR5OG]
[login] 3: Connexion échouée de  depuis l'IP ::1
2022-05-04 18:55:03 [@DESKTOP-N8DR5OG]
[login] 3: Connexion échouée de  depuis l'IP ::1
2022-05-14 14:40:40 [@DESKTOP-N8DR5OG]
[login] 3: aude se connecte depuis l'IP ::1
2022-05-14 14:41:53 [@DESKTOP-N8DR5OG]
[login] 3: glpi se connecte depuis l'IP ::1
2022-05-18 13:53:42 [@DESKTOP-N8DR5OG]
[login] 3: glpi se connecte depuis l'IP ::1
2022-05-18 17:53:00 [@DESKTOP-N8DR5OG]
[login] 3: Connexion échouée de glpi depuis l'IP ::1
2022-05-18 17:53:24 [@DESKTOP-N8DR5OG]
[login] 3: glpi se connecte depuis l'IP ::1
2022-05-18 18:28:46 [@DESKTOP-N8DR5OG]
[login] 3: glpi se connecte depuis l'IP ::1
2022-05-19 01:42:25 [@DESKTOP-N8DR5OG]
[login] 3: aude se connecte depuis l'IP ::1
2022-05-19 01:43:29 [@DESKTOP-N8DR5OG]
[login] 3: glpi se connecte depuis l'IP ::1
2022-05-19 02:04:41 [@DESKTOP-N8DR5OG]
[login] 3: glpi se connecte depuis l'IP ::1
2022-05-19 02:37:13 [@DESKTOP-N8DR5OG]
[login] 3: Connexion échouée de  depuis l'IP ::1
2022-05-19 02:37:28 [@DESKTOP-N8DR5OG]
[login] 3: glpi se connecte depuis l'IP ::1
2022-05-19 10:30:32 [@DESKTOP-N8DR5OG]
[login] 3: glpi se connecte depuis l'IP ::1
2022-05-19 10:32:44 [@DESKTOP-N8DR5OG]
[login] 3: Connexion échouée de  depuis l'IP ::1
2022-05-19 10:34:14 [@DESKTOP-N8DR5OG]
[login] 3: Connexion échouée de  depuis l'IP ::1
2022-05-19 10:37:57 [@DESKTOP-N8DR5OG]
[login] 3: glpi se connecte depuis l'IP ::1
2022-05-19 11:24:17 [@DESKTOP-N8DR5OG]
[login] 3: Connexion échouée de  depuis l'IP ::1
2022-05-19 11:25:53 [@DESKTOP-N8DR5OG]
[login] 3: Connexion échouée de  depuis l'IP ::1
2022-05-19 11:26:44 [@DESKTOP-N8DR5OG]
[login] 3: Connexion échouée de glpiglpi depuis l'IP ::1
2022-05-19 11:27:08 [@DESKTOP-N8DR5OG]
[login] 3: glpi se connecte depuis l'IP ::1
2022-05-19 12:07:18 [@DESKTOP-N8DR5OG]
[login] 3: aude se connecte depuis l'IP ::1
2022-05-19 17:08:21 [@DESKTOP-N8DR5OG]
[login] 3: Connexion échouée de glpi depuis l'IP ::1
2022-05-19 17:08:43 [@DESKTOP-N8DR5OG]
[login] 3: glpi se connecte depuis l'IP ::1
2022-05-19 17:49:29 [@DESKTOP-N8DR5OG]
[login] 3: glpi se connecte depuis l'IP ::1
2022-05-19 18:06:51 [@DESKTOP-N8DR5OG]
[login] 3: glpi se connecte depuis l'IP ::1
2022-05-20 13:41:43 [@DESKTOP-N8DR5OG]
[login] 3: glpi se connecte depuis l'IP ::1
2022-05-20 13:43:45 [@DESKTOP-N8DR5OG]
[login] 3: aude se connecte depuis l'IP ::1
2022-05-20 14:11:08 [@DESKTOP-N8DR5OG]
[login] 3: glpi se connecte depuis l'IP ::1
2022-05-21 15:04:04 [@DESKTOP-N8DR5OG]
[login] 3: glpi se connecte depuis l'IP ::1
2022-05-23 01:26:21 [@DESKTOP-N8DR5OG]
[login] 3: glpi se connecte depuis l'IP ::1
2022-05-23 01:31:16 [@DESKTOP-N8DR5OG]
[login] 3: aude se connecte depuis l'IP ::1
2022-05-23 01:42:36 [@DESKTOP-N8DR5OG]
[login] 3: glpi se connecte depuis l'IP ::1
2022-05-25 21:49:11 [@DESKTOP-N8DR5OG]
[login] 3: glpi se connecte depuis l'IP ::1
2022-06-01 12:05:10 [@DESKTOP-N8DR5OG]
[login] 3: glpi se connecte depuis l'IP ::1
2022-06-02 10:37:08 [@DESKTOP-N8DR5OG]
[login] 3: glpi se connecte depuis l'IP ::1
2022-06-02 10:38:51 [@DESKTOP-N8DR5OG]
[login] 3: aude se connecte depuis l'IP ::1
2022-06-02 10:45:43 [@DESKTOP-N8DR5OG]
[login] 3: glpi se connecte depuis l'IP ::1
2022-06-02 10:53:05 [@DESKTOP-N8DR5OG]
[login] 3: tech se connecte depuis l'IP ::1
2022-06-02 10:57:38 [@DESKTOP-N8DR5OG]
[login] 3: aude se connecte depuis l'IP ::1
2022-06-02 12:32:55 [@DESKTOP-N8DR5OG]
[login] 3: glpi se connecte depuis l'IP ::1
2022-06-02 14:04:52 [@DESKTOP-N8DR5OG]
[login] 3: aude se connecte depuis l'IP ::1
2022-06-02 17:25:43 [@DESKTOP-N8DR5OG]
[login] 3: aude se connecte depuis l'IP ::1
2022-06-02 18:37:01 [@DESKTOP-N8DR5OG]
[login] 3: glpi se connecte depuis l'IP ::1
2022-06-02 18:56:28 [@DESKTOP-N8DR5OG]
[login] 3: tech se connecte depuis l'IP ::1
2022-06-03 15:19:45 [@DESKTOP-N8DR5OG]
[login] 3: glpi se connecte depuis l'IP ::1
2022-06-05 01:03:46 [@DESKTOP-N8DR5OG]
[login] 3: glpi se connecte depuis l'IP ::1
2022-06-05 15:20:35 [@DESKTOP-N8DR5OG]
[login] 3: glpi se connecte depuis l'IP ::1
2022-06-05 15:23:23 [@DESKTOP-N8DR5OG]
[login] 3: AUDE se connecte depuis l'IP ::1
2022-06-07 10:50:30 [@DESKTOP-N8DR5OG]
[login] 3: tech se connecte depuis l'IP ::1
2022-06-07 10:52:00 [@DESKTOP-N8DR5OG]
[login] 3: glpi se connecte depuis l'IP ::1
2022-06-07 18:09:42 [@DESKTOP-N8DR5OG]
[login] 3: glpi se connecte depuis l'IP ::1
2022-06-08 12:22:08 [@DESKTOP-N8DR5OG]
[login] 3: glpi se connecte depuis l'IP 192.168.56.1
2022-06-08 12:40:15 [@DESKTOP-N8DR5OG]
[login] 3: tech se connecte depuis l'IP 192.168.56.1
2022-06-09 01:27:14 [@DESKTOP-N8DR5OG]
[login] 3: glpi se connecte depuis l'IP ::1
2022-06-15 12:24:17 [@DESKTOP-N8DR5OG]
[login] 3: glpi se connecte depuis l'IP ::1
2022-06-20 03:02:45 [@DESKTOP-N8DR5OG]
[login] 3: glpi se connecte depuis l'IP ::1
2022-06-20 11:36:31 [@DESKTOP-N8DR5OG]
[login] 3: glpi se connecte depuis l'IP ::1
2022-06-20 11:48:39 [@DESKTOP-N8DR5OG]
[login] 3: Aude se connecte depuis l'IP ::1
2022-06-20 11:51:25 [@DESKTOP-N8DR5OG]
[login] 3: glpi se connecte depuis l'IP ::1
2022-06-20 12:27:46 [@DESKTOP-N8DR5OG]
[login] 3: Thouli se connecte depuis l'IP ::1
2022-06-20 12:33:37 [@DESKTOP-N8DR5OG]
[login] 3: glpi se connecte depuis l'IP ::1
2022-06-21 04:03:38 [@DESKTOP-N8DR5OG]
[login] 3: glpi se connecte depuis l'IP ::1
2022-06-21 11:46:16 [@DESKTOP-N8DR5OG]
[login] 3: glpi se connecte depuis l'IP ::1
2022-06-21 13:23:13 [@DESKTOP-N8DR5OG]
[login] 3: aude se connecte depuis l'IP ::1
2022-06-21 13:34:41 [@DESKTOP-N8DR5OG]
[login] 3: glpi se connecte depuis l'IP ::1
2022-06-21 16:38:28 [@DESKTOP-N8DR5OG]
[login] 3: AUDE se connecte depuis l'IP ::1
2022-06-21 17:01:49 [@DESKTOP-N8DR5OG]
[login] 3: Connexion échouée de GLPI depuis l'IP ::1
2022-06-21 17:02:24 [@DESKTOP-N8DR5OG]
[login] 3: GLPI se connecte depuis l'IP ::1
2022-06-21 21:33:50 [@DESKTOP-N8DR5OG]
[login] 3: glpi se connecte depuis l'IP ::1
2022-06-22 11:43:39 [@DESKTOP-N8DR5OG]
[login] 3: glpi se connecte depuis l'IP ::1
2022-06-23 11:51:47 [@DESKTOP-N8DR5OG]
[login] 3: glpi se connecte depuis l'IP ::1
2022-06-23 12:49:02 [@DESKTOP-N8DR5OG]
[login] 3: Connexion échouée de  depuis l'IP ::1
2022-06-23 12:49:20 [@DESKTOP-N8DR5OG]
[login] 3: glpi se connecte depuis l'IP ::1
2022-06-24 01:28:19 [@DESKTOP-N8DR5OG]
[login] 3: glpi se connecte depuis l'IP ::1
2022-06-25 19:31:02 [@DESKTOP-N8DR5OG]
[login] 3: glpi se connecte depuis l'IP ::1
2022-06-25 19:50:44 [@DESKTOP-N8DR5OG]
[login] 3: Connexion échouée de tech depuis l'IP ::1
2022-06-25 19:51:38 [@DESKTOP-N8DR5OG]
[login] 3: glpi se connecte depuis l'IP ::1
2022-06-26 14:43:46 [@DESKTOP-N8DR5OG]
[login] 3: glpi se connecte depuis l'IP ::1
2022-06-27 12:50:08 [@DESKTOP-N8DR5OG]
[login] 3: glpi se connecte depuis l'IP ::1
2022-06-27 16:41:50 [@DESKTOP-N8DR5OG]
[login] 3: glpi se connecte depuis l'IP ::1
2022-06-28 02:12:03 [@DESKTOP-N8DR5OG]
[login] 3: glpi se connecte depuis l'IP ::1
2022-06-28 02:58:15 [@DESKTOP-N8DR5OG]
[login] 3: glpi se connecte depuis l'IP ::1
2022-06-28 03:59:28 [@DESKTOP-N8DR5OG]
[login] 3: tech se connecte depuis l'IP ::1
2022-06-28 10:55:51 [@DESKTOP-N8DR5OG]
[login] 3: tech se connecte depuis l'IP ::1
2022-06-28 11:12:24 [@DESKTOP-N8DR5OG]
[login] 3: tech se connecte depuis l'IP 127.0.0.1
2022-06-28 11:16:21 [@DESKTOP-N8DR5OG]
[login] 3: mary se connecte depuis l'IP 127.0.0.1
2022-06-28 11:17:15 [@DESKTOP-N8DR5OG]
[login] 3: glpi se connecte depuis l'IP 127.0.0.1
2022-06-28 11:52:26 [@DESKTOP-N8DR5OG]
[login] 3: thouli se connecte depuis l'IP ::1
2022-06-28 11:59:03 [@DESKTOP-N8DR5OG]
[login] 3: tech se connecte depuis l'IP ::1
2022-06-28 12:36:24 [@DESKTOP-N8DR5OG]
[login] 3: glpi se connecte depuis l'IP ::1
2022-06-28 17:23:43 [@DESKTOP-N8DR5OG]
[login] 3: Connexion échouée de  depuis l'IP ::1
2022-06-28 17:24:03 [@DESKTOP-N8DR5OG]
[login] 3: Connexion échouée de  depuis l'IP ::1
2022-06-28 17:24:21 [@DESKTOP-N8DR5OG]
[login] 3: glpi se connecte depuis l'IP ::1
2022-06-29 13:51:40 [@DESKTOP-N8DR5OG]
[login] 3: Connexion échouée de  depuis l'IP ::1
2022-06-29 13:53:18 [@DESKTOP-N8DR5OG]
[login] 3: glpi se connecte depuis l'IP ::1
2022-06-29 13:53:37 [@DESKTOP-N8DR5OG]
[login] 3: glpi se connecte depuis l'IP ::1
2022-07-04 16:07:29 [@DESKTOP-N8DR5OG]
[login] 3: glpi se connecte depuis l'IP ::1
2022-07-09 05:28:43 [@DESKTOP-N8DR5OG]
[login] 3: glpi se connecte depuis l'IP ::1
2022-07-13 19:22:42 [@DESKTOP-N8DR5OG]
[login] 3: glpi se connecte depuis l'IP ::1
2022-07-13 19:22:44 [@DESKTOP-N8DR5OG]
[login] 3: glpi se connecte depuis l'IP ::1
2022-08-04 20:57:08 [@DESKTOP-N8DR5OG]
[login] 3: glpi se connecte depuis l'IP ::1
2022-08-04 21:57:25 [@DESKTOP-N8DR5OG]
[login] 3: glpi se connecte depuis l'IP ::1
2022-08-10 01:59:11 [@DESKTOP-N8DR5OG]
[login] 3: Connexion échouée de vame depuis l'IP 192.168.56.1
2022-08-10 02:00:32 [@DESKTOP-N8DR5OG]
[login] 3: glpi se connecte depuis l'IP 192.168.56.1
2022-08-10 19:47:26 [@DESKTOP-N8DR5OG]
[login] 3: Connexion échouée de  depuis l'IP ::1
2022-08-10 19:50:48 [@DESKTOP-N8DR5OG]
[login] 3: glpi se connecte depuis l'IP ::1
2022-08-10 19:51:15 [2@DESKTOP-N8DR5OG]
[login] 3: glpi se connecte depuis l'IP ::1
2022-08-10 19:51:35 [@DESKTOP-N8DR5OG]
[login] 3: glpi se connecte depuis l'IP ::1
2022-08-10 19:53:02 [@DESKTOP-N8DR5OG]
[login] 3: glpi se connecte depuis l'IP ::1
2022-08-10 19:57:54 [@DESKTOP-N8DR5OG]
[login] 3: aude se connecte depuis l'IP ::1
2022-08-10 20:05:25 [@DESKTOP-N8DR5OG]
[login] 3: aude se connecte depuis l'IP ::1
2022-08-21 06:51:50 [@DESKTOP-N8DR5OG]
[login] 3: glpi se connecte depuis l'IP ::1
2022-08-22 03:23:35 [@DESKTOP-N8DR5OG]
[login] 3: glpi se connecte depuis l'IP ::1
2022-08-22 03:24:15 [@DESKTOP-N8DR5OG]
[login] 3: Connexion échouée de aude depuis l'IP ::1
2022-08-22 03:24:38 [@DESKTOP-N8DR5OG]
[login] 3: glpi se connecte depuis l'IP ::1
2022-08-22 04:01:03 [@DESKTOP-N8DR5OG]
[login] 3: Connexion échouée de aude depuis l'IP ::1
2022-08-22 04:01:22 [@DESKTOP-N8DR5OG]
[login] 3: Connexion échouée de aude depuis l'IP ::1
2022-08-22 04:02:21 [@DESKTOP-N8DR5OG]
[login] 3: Connexion échouée de marie depuis l'IP ::1
2022-08-22 04:02:52 [@DESKTOP-N8DR5OG]
[login] 3: glpi se connecte depuis l'IP ::1
2022-08-22 04:04:34 [@DESKTOP-N8DR5OG]
[login] 3: aude se connecte depuis l'IP ::1
2022-08-22 04:24:39 [@DESKTOP-N8DR5OG]
[login] 3: Connexion échouée de glpi depuis l'IP ::1
2022-08-22 04:24:58 [@DESKTOP-N8DR5OG]
[login] 3: glpi se connecte depuis l'IP ::1
2022-08-22 04:40:15 [@DESKTOP-N8DR5OG]
[login] 3: tech se connecte depuis l'IP ::1
2022-08-23 13:50:06 [@DESKTOP-N8DR5OG]
[login] 3: glpi se connecte depuis l'IP ::1
2022-08-23 14:04:28 [@DESKTOP-N8DR5OG]
[login] 3: aude se connecte depuis l'IP ::1
2022-08-23 14:15:53 [@DESKTOP-N8DR5OG]
[login] 3: glpi se connecte depuis l'IP ::1
2022-08-23 18:18:41 [@DESKTOP-N8DR5OG]
[login] 3: glpi se connecte depuis l'IP ::1
2022-08-23 19:33:45 [@DESKTOP-N8DR5OG]
[login] 3: tech se connecte depuis l'IP ::1
2022-08-23 19:35:33 [@DESKTOP-N8DR5OG]
[login] 3: glpi se connecte depuis l'IP ::1
2022-08-23 19:42:55 [@DESKTOP-N8DR5OG]
[login] 3: tech se connecte depuis l'IP ::1
2022-08-23 19:46:10 [@DESKTOP-N8DR5OG]
[login] 3: glpi se connecte depuis l'IP ::1
2022-08-23 19:48:32 [@DESKTOP-N8DR5OG]
[login] 3: tech se connecte depuis l'IP ::1
2022-08-24 00:23:00 [@DESKTOP-N8DR5OG]
[login] 3: glpi se connecte depuis l'IP ::1
2022-08-24 00:26:27 [@DESKTOP-N8DR5OG]
[login] 3: mary se connecte depuis l'IP ::1
2022-08-24 17:35:14 [@DESKTOP-N8DR5OG]
[login] 3: Mary se connecte depuis l'IP ::1
2022-08-24 17:39:02 [@DESKTOP-N8DR5OG]
[login] 3: Aude se connecte depuis l'IP ::1
2022-08-24 17:45:29 [@DESKTOP-N8DR5OG]
[login] 3: glpi se connecte depuis l'IP ::1
2022-08-24 17:55:13 [@DESKTOP-N8DR5OG]
[login] 3: tech se connecte depuis l'IP ::1
2022-08-24 17:58:15 [@DESKTOP-N8DR5OG]
[login] 3: Connexion échouée de  depuis l'IP ::1
2022-08-24 17:58:34 [@DESKTOP-N8DR5OG]
[login] 3: glpi se connecte depuis l'IP ::1
2022-08-24 18:16:00 [@DESKTOP-N8DR5OG]
[login] 3: tech se connecte depuis l'IP ::1
2022-08-24 18:17:15 [@DESKTOP-N8DR5OG]
[login] 3: Connexion échouée de  depuis l'IP ::1
2022-08-24 18:17:35 [@DESKTOP-N8DR5OG]
[login] 3: aude se connecte depuis l'IP ::1
2022-08-29 11:44:17 [@DESKTOP-N8DR5OG]
[login] 3: aude se connecte depuis l'IP ::1
2022-08-29 13:42:22 [@DESKTOP-N8DR5OG]
[login] 3: glpi se connecte depuis l'IP ::1
2022-08-29 14:09:38 [@DESKTOP-N8DR5OG]
[login] 3: user 2 se connecte depuis l'IP ::1
2022-08-29 14:10:11 [@DESKTOP-N8DR5OG]
[login] 3: glpi se connecte depuis l'IP ::1
2022-08-29 14:11:53 [@DESKTOP-N8DR5OG]
[login] 3: user 2 se connecte depuis l'IP ::1
2022-08-29 14:39:53 [@DESKTOP-N8DR5OG]
[login] 3: Connexion échouée de glpi depuis l'IP ::1
2022-08-29 14:40:07 [@DESKTOP-N8DR5OG]
[login] 3: glpi se connecte depuis l'IP ::1
2022-08-29 18:28:02 [@DESKTOP-N8DR5OG]
[login] 3: glpi se connecte depuis l'IP ::1
2022-08-29 18:30:09 [@DESKTOP-N8DR5OG]
[login] 3: user 1 se connecte depuis l'IP ::1
2022-08-29 18:39:32 [@DESKTOP-N8DR5OG]
[login] 3: glpi se connecte depuis l'IP ::1
2022-08-29 18:51:10 [@DESKTOP-N8DR5OG]
[login] 3: user 1 se connecte depuis l'IP ::1
2022-08-30 13:16:42 [@DESKTOP-N8DR5OG]
[login] 3: Connexion échouée de  depuis l'IP ::1
2022-08-30 13:35:05 [@DESKTOP-N8DR5OG]
[login] 3: glpi se connecte depuis l'IP ::1
2022-08-30 13:35:24 [@DESKTOP-N8DR5OG]
[login] 3: glpi se connecte depuis l'IP ::1
2022-08-30 14:19:33 [@DESKTOP-N8DR5OG]
[login] 3: Connexion échouée de  depuis l'IP ::1
2022-08-30 14:51:13 [@DESKTOP-N8DR5OG]
[login] 3: Connexion échouée de aude depuis l'IP ::1
2022-08-30 14:51:36 [@DESKTOP-N8DR5OG]
[login] 3: user 1 se connecte depuis l'IP ::1
2022-08-30 15:05:56 [@DESKTOP-N8DR5OG]
[login] 3: Connexion échouée de  depuis l'IP ::1
2022-08-30 15:06:23 [@DESKTOP-N8DR5OG]
[login] 3: user 1 se connecte depuis l'IP ::1
2022-08-30 17:36:15 [@DESKTOP-N8DR5OG]
[login] 3: Connexion échouée de  depuis l'IP ::1
2022-08-30 17:36:29 [@DESKTOP-N8DR5OG]
[login] 3: Connexion échouée de  depuis l'IP ::1
2022-08-30 18:40:39 [@DESKTOP-N8DR5OG]
[login] 3: Connexion échouée de  depuis l'IP ::1
2022-08-30 19:46:50 [@DESKTOP-N8DR5OG]
[login] 3: glpi se connecte depuis l'IP ::1
2022-08-30 19:55:48 [@DESKTOP-N8DR5OG]
[login] 3: glpi se connecte depuis l'IP ::1
2022-08-30 19:57:14 [@DESKTOP-N8DR5OG]
[login] 3: Connexion échouée de aude depuis l'IP ::1
2022-08-30 19:57:29 [@DESKTOP-N8DR5OG]
[login] 3: user 1 se connecte depuis l'IP ::1
2022-08-31 01:48:23 [@DESKTOP-N8DR5OG]
[login] 3: User 1 se connecte depuis l'IP ::1
2022-08-31 13:50:33 [@DESKTOP-N8DR5OG]
[login] 3: glpi se connecte depuis l'IP ::1
2022-08-31 16:05:01 [@DESKTOP-N8DR5OG]
[login] 3: Connexion échouée de  depuis l'IP ::1
2022-08-31 16:25:25 [@DESKTOP-N8DR5OG]
[login] 3: Connexion échouée de  depuis l'IP ::1
2022-08-31 16:27:36 [@DESKTOP-N8DR5OG]
[login] 3: Connexion échouée de  depuis l'IP ::1
2022-08-31 16:28:36 [@DESKTOP-N8DR5OG]
[login] 3: Connexion échouée de  depuis l'IP ::1
2022-08-31 16:30:17 [@DESKTOP-N8DR5OG]
[login] 3: Connexion échouée de  depuis l'IP ::1
2022-08-31 16:30:54 [@DESKTOP-N8DR5OG]
[login] 3: Connexion échouée de  depuis l'IP ::1
2022-08-31 16:31:56 [@DESKTOP-N8DR5OG]
[login] 3: Connexion échouée de  depuis l'IP ::1
2022-08-31 16:33:16 [@DESKTOP-N8DR5OG]
[login] 3: Connexion échouée de  depuis l'IP ::1
2022-08-31 16:34:22 [@DESKTOP-N8DR5OG]
[login] 3: Connexion échouée de  depuis l'IP ::1
2022-08-31 16:37:28 [@DESKTOP-N8DR5OG]
[login] 3: Connexion échouée de  depuis l'IP ::1
2022-08-31 16:38:08 [@DESKTOP-N8DR5OG]
[login] 3: Connexion échouée de  depuis l'IP ::1
2022-08-31 16:39:31 [@DESKTOP-N8DR5OG]
[login] 3: Connexion échouée de  depuis l'IP ::1
2022-08-31 16:40:42 [@DESKTOP-N8DR5OG]
[login] 3: Connexion échouée de  depuis l'IP ::1
2022-08-31 16:41:11 [@DESKTOP-N8DR5OG]
[login] 3: Connexion échouée de  depuis l'IP ::1
2022-08-31 16:42:29 [@DESKTOP-N8DR5OG]
[login] 3: Connexion échouée de  depuis l'IP ::1
2022-08-31 16:42:44 [@DESKTOP-N8DR5OG]
[login] 3: Connexion échouée de  depuis l'IP ::1
2022-08-31 16:45:37 [@DESKTOP-N8DR5OG]
[login] 3: Connexion échouée de  depuis l'IP ::1
2022-08-31 16:50:29 [@DESKTOP-N8DR5OG]
[login] 3: Connexion échouée de  depuis l'IP ::1
2022-08-31 16:50:45 [@DESKTOP-N8DR5OG]
[login] 3: Connexion échouée de  depuis l'IP ::1
2022-08-31 16:52:12 [@DESKTOP-N8DR5OG]
[login] 3: Connexion échouée de  depuis l'IP ::1
2022-08-31 16:52:53 [@DESKTOP-N8DR5OG]
[login] 3: Connexion échouée de  depuis l'IP ::1
2022-08-31 16:53:20 [@DESKTOP-N8DR5OG]
[login] 3: Connexion échouée de  depuis l'IP ::1
2022-08-31 16:56:15 [@DESKTOP-N8DR5OG]
[login] 3: glpi se connecte depuis l'IP ::1
2022-08-31 16:59:15 [2@DESKTOP-N8DR5OG]
[login] 3: Connexion échouée de  depuis l'IP ::1
2022-09-02 15:43:16 [@DESKTOP-N8DR5OG]
[login] 3: glpi se connecte depuis l'IP ::1
2022-09-06 15:25:46 [@DESKTOP-N8DR5OG]
[login] 3: Connexion échouée de  depuis l'IP ::1
2022-09-06 15:26:41 [@DESKTOP-N8DR5OG]
[login] 3: user 1 se connecte depuis l'IP ::1
