2022-06-21 13:25:26 [7@DESKTOP-N8DR5OG]
Un courriel pour electrosignartci@gmail.com a été ajouté à la file d'attente : [GLPI #0000004] Nouveau ticket zrstrdtghjlkmlm
2022-06-21 13:39:57 [2@DESKTOP-N8DR5OG]
Un courriel pour electrosignartci@gmail.com a été ajouté à la file d'attente : [GLPI #0000005] Nouveau ticket aude
2022-06-21 16:39:18 [7@DESKTOP-N8DR5OG]
Un courriel pour userglpi2022@gmail.com a été ajouté à la file d'attente : [GLPI #0000006] Nouvel utilisateur demandeur LJKHJGHGF
2022-06-21 16:39:19 [7@DESKTOP-N8DR5OG]
Un courriel pour electrosignartci@gmail.com a été ajouté à la file d'attente : [GLPI #0000006] Nouveau ticket LJKHJGHGF
2022-06-21 16:39:19 [7@DESKTOP-N8DR5OG]
Un courriel pour userglpi2022@gmail.com a été ajouté à la file d'attente : [GLPI #0000006] Nouveau ticket LJKHJGHGF
2022-06-25 19:46:05 [2@DESKTOP-N8DR5OG]
Un courriel pour electrosignartci@gmail.com a été ajouté à la file d'attente : [GLPI #0000005] Suppression d'un ticket aude
2022-06-25 19:47:25 [2@DESKTOP-N8DR5OG]
Un courriel pour electrosignartci@gmail.com a été ajouté à la file d'attente : [GLPI #0000006] Suppression d'un ticket LJKHJGHGF
2022-06-25 19:48:22 [2@DESKTOP-N8DR5OG]
Un courriel pour electrosignartci@gmail.com a été ajouté à la file d'attente : [GLPI #0000004] Suppression d'un ticket zrstrdtghjlkmlm
2022-08-23 19:43:38 [4@DESKTOP-N8DR5OG]
Un courriel pour dsi-appli@artci.ci a été ajouté à la file d'attente : [GLPI #0000003] Ticket résolu Les notifications de la plateforme de signature électronique  par e‑mail sont bloquées.
2022-08-23 19:43:38 [4@DESKTOP-N8DR5OG]
Un courriel pour userglpi2022@gmail.com a été ajouté à la file d'attente : [GLPI #0000003] Ticket résolu Les notifications de la plateforme de signature électronique  par e‑mail sont bloquées.
2022-08-24 17:42:17 [7@DESKTOP-N8DR5OG]
Un courriel pour electrosignartci@gmail.com a été ajouté à la file d'attente : [GLPI #0000007] Nouvel utilisateur observateur Les notifications de la plateforme de signature électronique sont par e‑mail sont bloquées.
2022-08-24 17:42:20 [7@DESKTOP-N8DR5OG]
Un courriel pour userglpi2022@gmail.com a été ajouté à la file d'attente : [GLPI #0000007] Nouvel utilisateur demandeur Les notifications de la plateforme de signature électronique sont par e‑mail sont bloquées.
2022-08-24 17:42:20 [7@DESKTOP-N8DR5OG]
Un courriel pour dsi-appli@artci.ci a été ajouté à la file d'attente : [GLPI #0000007] Nouveau ticket Les notifications de la plateforme de signature électronique sont par e‑mail sont bloquées.
2022-08-24 17:42:21 [7@DESKTOP-N8DR5OG]
Un courriel pour userglpi2022@gmail.com a été ajouté à la file d'attente : [GLPI #0000007] Nouveau ticket Les notifications de la plateforme de signature électronique sont par e‑mail sont bloquées.
2022-08-24 17:42:21 [7@DESKTOP-N8DR5OG]
Un courriel pour electrosignartci@gmail.com a été ajouté à la file d'attente : [GLPI #0000007] Nouveau ticket Les notifications de la plateforme de signature électronique sont par e‑mail sont bloquées.
2022-08-24 17:52:10 [2@DESKTOP-N8DR5OG]
Un email a été envoyé à dsi-appli@artci.ci : [GLPI #0000003] Ticket résolu Les notifications de la plateforme de signature électronique  par e‑mail sont bloquées.
2022-08-24 17:52:13 [2@DESKTOP-N8DR5OG]
Un email a été envoyé à userglpi2022@gmail.com : [GLPI #0000003] Ticket résolu Les notifications de la plateforme de signature électronique  par e‑mail sont bloquées.
2022-08-24 17:52:16 [2@DESKTOP-N8DR5OG]
Un email a été envoyé à electrosignartci@gmail.com : [GLPI #0000007] Nouvel utilisateur observateur Les notifications de la plateforme de signature électronique sont par e‑mail sont bloquées.
2022-08-24 17:52:20 [2@DESKTOP-N8DR5OG]
Un email a été envoyé à userglpi2022@gmail.com : [GLPI #0000007] Nouvel utilisateur demandeur Les notifications de la plateforme de signature électronique sont par e‑mail sont bloquées.
2022-08-24 17:52:24 [2@DESKTOP-N8DR5OG]
Un email a été envoyé à dsi-appli@artci.ci : [GLPI #0000007] Nouveau ticket Les notifications de la plateforme de signature électronique sont par e‑mail sont bloquées.
2022-08-24 17:52:28 [2@DESKTOP-N8DR5OG]
Un email a été envoyé à userglpi2022@gmail.com : [GLPI #0000007] Nouveau ticket Les notifications de la plateforme de signature électronique sont par e‑mail sont bloquées.
2022-08-24 17:52:32 [2@DESKTOP-N8DR5OG]
Un email a été envoyé à electrosignartci@gmail.com : [GLPI #0000007] Nouveau ticket Les notifications de la plateforme de signature électronique sont par e‑mail sont bloquées.
2022-08-24 17:53:37 [2@DESKTOP-N8DR5OG]
Un courriel pour electrosignartci@gmail.com a été ajouté à la file d'attente : [GLPI #0000007] Nouvel utilisateur responsable Les notifications de la plateforme de signature électronique sont par e‑mail sont bloquées.
2022-08-24 17:57:39 [4@DESKTOP-N8DR5OG]
Un courriel pour dsi-appli@artci.ci a été ajouté à la file d'attente : [GLPI #0000007] Ticket résolu Les notifications de la plateforme de signature électronique sont par e‑mail sont bloquées.
2022-08-24 17:57:39 [4@DESKTOP-N8DR5OG]
Un courriel pour userglpi2022@gmail.com a été ajouté à la file d'attente : [GLPI #0000007] Ticket résolu Les notifications de la plateforme de signature électronique sont par e‑mail sont bloquées.
2022-08-24 17:57:39 [4@DESKTOP-N8DR5OG]
Un courriel pour electrosignartci@gmail.com a été ajouté à la file d'attente : [GLPI #0000007] Ticket résolu Les notifications de la plateforme de signature électronique sont par e‑mail sont bloquées.
2022-08-24 18:04:01 [2@DESKTOP-N8DR5OG]
Un courriel pour dsi-appli@artci.ci a été ajouté à la file d'attente : [GLPI #0000007] Clôture du ticket Les notifications de la plateforme de signature électronique sont par e‑mail sont bloquées.
2022-08-24 18:04:01 [2@DESKTOP-N8DR5OG]
Un courriel pour userglpi2022@gmail.com a été ajouté à la file d'attente : [GLPI #0000007] Clôture du ticket Les notifications de la plateforme de signature électronique sont par e‑mail sont bloquées.
2022-08-24 18:04:01 [2@DESKTOP-N8DR5OG]
Un courriel pour electrosignartci@gmail.com a été ajouté à la file d'attente : [GLPI #0000007] Clôture du ticket Les notifications de la plateforme de signature électronique sont par e‑mail sont bloquées.
2022-08-24 18:16:32 [4@DESKTOP-N8DR5OG]
Un courriel pour dsi-appli@artci.ci a été ajouté à la file d'attente : [GLPI #0000001] Nouveau suivi Les notifications de la plateforme de signature électronique sont par e‑mail sont bloquées.
2022-08-24 18:18:53 [7@DESKTOP-N8DR5OG]
Un courriel pour userglpi2022@gmail.com a été ajouté à la file d'attente : [GLPI #0000008] Nouvel utilisateur demandeur rrr
2022-08-24 18:18:54 [7@DESKTOP-N8DR5OG]
Un courriel pour dsi-appli@artci.ci a été ajouté à la file d'attente : [GLPI #0000008] Nouveau ticket rrr
2022-08-24 18:18:55 [7@DESKTOP-N8DR5OG]
Un courriel pour userglpi2022@gmail.com a été ajouté à la file d'attente : [GLPI #0000008] Nouveau ticket rrr
2022-08-29 13:41:09 [7@DESKTOP-N8DR5OG]
Un email a été envoyé à electrosignartci@gmail.com : [GLPI #0000007] Nouvel utilisateur responsable Les notifications de la plateforme de signature électronique sont par e‑mail sont bloquées.
2022-08-29 13:41:12 [7@DESKTOP-N8DR5OG]
Un email a été envoyé à dsi-appli@artci.ci : [GLPI #0000007] Ticket résolu Les notifications de la plateforme de signature électronique sont par e‑mail sont bloquées.
2022-08-29 13:41:15 [7@DESKTOP-N8DR5OG]
Un email a été envoyé à userglpi2022@gmail.com : [GLPI #0000007] Ticket résolu Les notifications de la plateforme de signature électronique sont par e‑mail sont bloquées.
2022-08-29 13:41:19 [7@DESKTOP-N8DR5OG]
Un email a été envoyé à electrosignartci@gmail.com : [GLPI #0000007] Ticket résolu Les notifications de la plateforme de signature électronique sont par e‑mail sont bloquées.
2022-08-29 13:41:22 [7@DESKTOP-N8DR5OG]
Un email a été envoyé à dsi-appli@artci.ci : [GLPI #0000007] Clôture du ticket Les notifications de la plateforme de signature électronique sont par e‑mail sont bloquées.
2022-08-29 13:41:26 [7@DESKTOP-N8DR5OG]
Un email a été envoyé à userglpi2022@gmail.com : [GLPI #0000007] Clôture du ticket Les notifications de la plateforme de signature électronique sont par e‑mail sont bloquées.
2022-08-29 13:41:29 [7@DESKTOP-N8DR5OG]
Un email a été envoyé à electrosignartci@gmail.com : [GLPI #0000007] Clôture du ticket Les notifications de la plateforme de signature électronique sont par e‑mail sont bloquées.
2022-08-29 13:41:33 [7@DESKTOP-N8DR5OG]
Un email a été envoyé à dsi-appli@artci.ci : [GLPI #0000001] Nouveau suivi Les notifications de la plateforme de signature électronique sont par e‑mail sont bloquées.
2022-08-29 13:41:38 [7@DESKTOP-N8DR5OG]
Un email a été envoyé à userglpi2022@gmail.com : [GLPI #0000008] Nouvel utilisateur demandeur rrr
2022-08-29 13:41:44 [7@DESKTOP-N8DR5OG]
Un email a été envoyé à dsi-appli@artci.ci : [GLPI #0000008] Nouveau ticket rrr
2022-08-29 13:41:46 [7@DESKTOP-N8DR5OG]
Un email a été envoyé à userglpi2022@gmail.com : [GLPI #0000008] Nouveau ticket rrr
2022-08-29 14:59:22 [2@DESKTOP-N8DR5OG]
Un courriel pour dsi-appli@artci.ci a été ajouté à la file d'attente : [GLPI #0000008] Suppression d'un ticket rrr
2022-08-29 18:31:30 [7@DESKTOP-N8DR5OG]
Un courriel pour userglpi2022@gmail.com a été ajouté à la file d'attente : [GLPI #0000009] Nouvel utilisateur observateur problème à signer
2022-08-29 18:31:31 [7@DESKTOP-N8DR5OG]
Un courriel pour aude19.marie@gmail.com a été ajouté à la file d'attente : [GLPI #0000009] Nouvel utilisateur demandeur problème à signer
2022-08-29 18:31:31 [7@DESKTOP-N8DR5OG]
Un courriel pour dsi-appli@artci.ci a été ajouté à la file d'attente : [GLPI #0000009] Nouveau ticket problème à signer
2022-08-29 18:31:31 [7@DESKTOP-N8DR5OG]
Un courriel pour aude19.marie@gmail.com a été ajouté à la file d'attente : [GLPI #0000009] Nouveau ticket problème à signer
2022-08-29 18:31:31 [7@DESKTOP-N8DR5OG]
Un courriel pour userglpi2022@gmail.com a été ajouté à la file d'attente : [GLPI #0000009] Nouveau ticket problème à signer
2022-08-29 18:38:38 [7@DESKTOP-N8DR5OG]
Un courriel pour electrosignartci@gmail.com a été ajouté à la file d'attente : [GLPI #0000010] Nouvel utilisateur observateur problème à signer
2022-08-29 18:38:40 [7@DESKTOP-N8DR5OG]
Un courriel pour aude19.marie@gmail.com a été ajouté à la file d'attente : [GLPI #0000010] Nouvel utilisateur demandeur problème à signer
2022-08-29 18:38:41 [7@DESKTOP-N8DR5OG]
Un courriel pour dsi-appli@artci.ci a été ajouté à la file d'attente : [GLPI #0000010] Nouveau ticket problème à signer
2022-08-29 18:38:41 [7@DESKTOP-N8DR5OG]
Un courriel pour aude19.marie@gmail.com a été ajouté à la file d'attente : [GLPI #0000010] Nouveau ticket problème à signer
2022-08-29 18:38:42 [7@DESKTOP-N8DR5OG]
Un courriel pour electrosignartci@gmail.com a été ajouté à la file d'attente : [GLPI #0000010] Nouveau ticket problème à signer
2022-08-29 18:48:49 [2@DESKTOP-N8DR5OG]
Un email a été envoyé à dsi-appli@artci.ci : [GLPI #0000008] Suppression d'un ticket rrr
2022-08-29 18:48:51 [2@DESKTOP-N8DR5OG]
Un email a été envoyé à userglpi2022@gmail.com : [GLPI #0000009] Nouvel utilisateur observateur problème à signer
2022-08-29 18:48:54 [2@DESKTOP-N8DR5OG]
Un email a été envoyé à aude19.marie@gmail.com : [GLPI #0000009] Nouvel utilisateur demandeur problème à signer
2022-08-29 18:48:56 [2@DESKTOP-N8DR5OG]
Un email a été envoyé à dsi-appli@artci.ci : [GLPI #0000009] Nouveau ticket problème à signer
2022-08-29 18:48:58 [2@DESKTOP-N8DR5OG]
Un email a été envoyé à aude19.marie@gmail.com : [GLPI #0000009] Nouveau ticket problème à signer
2022-08-29 18:49:01 [2@DESKTOP-N8DR5OG]
Un email a été envoyé à userglpi2022@gmail.com : [GLPI #0000009] Nouveau ticket problème à signer
2022-08-29 18:49:03 [2@DESKTOP-N8DR5OG]
Un email a été envoyé à electrosignartci@gmail.com : [GLPI #0000010] Nouvel utilisateur observateur problème à signer
2022-08-29 18:49:05 [2@DESKTOP-N8DR5OG]
Un email a été envoyé à aude19.marie@gmail.com : [GLPI #0000010] Nouvel utilisateur demandeur problème à signer
2022-08-29 18:49:07 [2@DESKTOP-N8DR5OG]
Un email a été envoyé à dsi-appli@artci.ci : [GLPI #0000010] Nouveau ticket problème à signer
2022-08-29 18:49:10 [2@DESKTOP-N8DR5OG]
Un email a été envoyé à aude19.marie@gmail.com : [GLPI #0000010] Nouveau ticket problème à signer
2022-08-29 18:49:12 [2@DESKTOP-N8DR5OG]
Un email a été envoyé à electrosignartci@gmail.com : [GLPI #0000010] Nouveau ticket problème à signer
2022-08-29 18:52:15 [7@DESKTOP-N8DR5OG]
Un courriel pour aude19.marie@gmail.com a été ajouté à la file d'attente : [GLPI #0000011] Nouvel utilisateur demandeur problème à signer electroniquement
2022-08-29 18:52:15 [7@DESKTOP-N8DR5OG]
Un courriel pour dsi-appli@artci.ci a été ajouté à la file d'attente : [GLPI #0000011] Nouveau ticket problème à signer electroniquement
2022-08-29 18:52:15 [7@DESKTOP-N8DR5OG]
Un courriel pour aude19.marie@gmail.com a été ajouté à la file d'attente : [GLPI #0000011] Nouveau ticket problème à signer electroniquement
2022-08-30 14:16:13 [@DESKTOP-N8DR5OG]
Un email a été envoyé à aude19.marie@gmail.com : [GLPI #0000011] Nouvel utilisateur demandeur problème à signer electroniquement
2022-08-30 14:16:19 [@DESKTOP-N8DR5OG]
Un email a été envoyé à dsi-appli@artci.ci : [GLPI #0000011] Nouveau ticket problème à signer electroniquement
2022-08-30 14:16:24 [@DESKTOP-N8DR5OG]
Un email a été envoyé à aude19.marie@gmail.com : [GLPI #0000011] Nouveau ticket problème à signer electroniquement
2022-08-30 14:53:39 [7@DESKTOP-N8DR5OG]
Un courriel pour aude19.marie@gmail.com a été ajouté à la file d'attente : [GLPI #0000012] Nouvel utilisateur demandeur gb
2022-08-30 14:53:39 [7@DESKTOP-N8DR5OG]
Un courriel pour dsi-appli@artci.ci a été ajouté à la file d'attente : [GLPI #0000012] Nouveau ticket gb
2022-08-30 14:53:39 [7@DESKTOP-N8DR5OG]
Un courriel pour aude19.marie@gmail.com a été ajouté à la file d'attente : [GLPI #0000012] Nouveau ticket gb
2022-08-30 15:02:52 [7@DESKTOP-N8DR5OG]
Un email a été envoyé à aude19.marie@gmail.com : [GLPI #0000012] Nouvel utilisateur demandeur gb
2022-08-30 15:02:57 [7@DESKTOP-N8DR5OG]
Un email a été envoyé à dsi-appli@artci.ci : [GLPI #0000012] Nouveau ticket gb
2022-08-30 15:03:02 [7@DESKTOP-N8DR5OG]
Un email a été envoyé à aude19.marie@gmail.com : [GLPI #0000012] Nouveau ticket gb
2022-08-31 15:01:50 [@DESKTOP-N8DR5OG]
Un courriel pour dsi-appli@artci.ci a été ajouté à la file d'attente : [GLPI] Surveillance des actions automatiques
2022-08-31 15:01:57 [@DESKTOP-N8DR5OG]
Un email a été envoyé à dsi-appli@artci.ci : [GLPI] Surveillance des actions automatiques
