2022-06-21 13:32:48 [7@DESKTOP-N8DR5OG]
Attention : un courriel n'a pas pu être délivré à electrosignartci@gmail.com. 5 tentatives restantes. Message : [GLPI #0000004] Nouveau ticket zrstrdtghjlkmlm, Erreur : SMTP connect() failed. https://github.com/PHPMailer/PHPMailer/wiki/Troubleshooting
2022-06-21 17:33:34 [2@DESKTOP-N8DR5OG]
Attention : un courriel n'a pas pu être délivré à electrosignartci@gmail.com. 4 tentatives restantes. Message : [GLPI #0000004] Nouveau ticket zrstrdtghjlkmlm, Erreur : SMTP connect() failed. https://github.com/PHPMailer/PHPMailer/wiki/Troubleshooting
2022-06-21 17:33:42 [2@DESKTOP-N8DR5OG]
Attention : un courriel n'a pas pu être délivré à electrosignartci@gmail.com. 5 tentatives restantes. Message : [GLPI #0000005] Nouveau ticket aude, Erreur : SMTP connect() failed. https://github.com/PHPMailer/PHPMailer/wiki/Troubleshooting
2022-06-21 17:33:45 [2@DESKTOP-N8DR5OG]
Attention : un courriel n'a pas pu être délivré à userglpi2022@gmail.com. 5 tentatives restantes. Message : [GLPI #0000006] Nouvel utilisateur demandeur LJKHJGHGF, Erreur : SMTP connect() failed. https://github.com/PHPMailer/PHPMailer/wiki/Troubleshooting
2022-06-21 17:33:47 [2@DESKTOP-N8DR5OG]
Attention : un courriel n'a pas pu être délivré à electrosignartci@gmail.com. 5 tentatives restantes. Message : [GLPI #0000006] Nouveau ticket LJKHJGHGF, Erreur : SMTP connect() failed. https://github.com/PHPMailer/PHPMailer/wiki/Troubleshooting
2022-06-21 17:33:49 [2@DESKTOP-N8DR5OG]
Attention : un courriel n'a pas pu être délivré à userglpi2022@gmail.com. 5 tentatives restantes. Message : [GLPI #0000006] Nouveau ticket LJKHJGHGF, Erreur : SMTP connect() failed. https://github.com/PHPMailer/PHPMailer/wiki/Troubleshooting
2022-06-22 12:52:39 [2@DESKTOP-N8DR5OG]
Attention : un courriel n'a pas pu être délivré à electrosignartci@gmail.com. 3 tentatives restantes. Message : [GLPI #0000004] Nouveau ticket zrstrdtghjlkmlm, Erreur : SMTP connect() failed. https://github.com/PHPMailer/PHPMailer/wiki/Troubleshooting
2022-06-22 12:52:41 [2@DESKTOP-N8DR5OG]
Attention : un courriel n'a pas pu être délivré à electrosignartci@gmail.com. 4 tentatives restantes. Message : [GLPI #0000005] Nouveau ticket aude, Erreur : SMTP connect() failed. https://github.com/PHPMailer/PHPMailer/wiki/Troubleshooting
2022-06-22 12:52:42 [2@DESKTOP-N8DR5OG]
Attention : un courriel n'a pas pu être délivré à userglpi2022@gmail.com. 4 tentatives restantes. Message : [GLPI #0000006] Nouvel utilisateur demandeur LJKHJGHGF, Erreur : SMTP connect() failed. https://github.com/PHPMailer/PHPMailer/wiki/Troubleshooting
2022-06-22 12:52:44 [2@DESKTOP-N8DR5OG]
Attention : un courriel n'a pas pu être délivré à electrosignartci@gmail.com. 4 tentatives restantes. Message : [GLPI #0000006] Nouveau ticket LJKHJGHGF, Erreur : SMTP connect() failed. https://github.com/PHPMailer/PHPMailer/wiki/Troubleshooting
2022-06-22 12:52:46 [2@DESKTOP-N8DR5OG]
Attention : un courriel n'a pas pu être délivré à userglpi2022@gmail.com. 4 tentatives restantes. Message : [GLPI #0000006] Nouveau ticket LJKHJGHGF, Erreur : SMTP connect() failed. https://github.com/PHPMailer/PHPMailer/wiki/Troubleshooting
2022-06-24 11:06:12 [2@DESKTOP-N8DR5OG]
Attention : un courriel n'a pas pu être délivré à electrosignartci@gmail.com. 2 tentatives restantes. Message : [GLPI #0000004] Nouveau ticket zrstrdtghjlkmlm, Erreur : SMTP connect() failed. https://github.com/PHPMailer/PHPMailer/wiki/Troubleshooting
2022-06-24 11:06:13 [2@DESKTOP-N8DR5OG]
Attention : un courriel n'a pas pu être délivré à electrosignartci@gmail.com. 3 tentatives restantes. Message : [GLPI #0000005] Nouveau ticket aude, Erreur : SMTP connect() failed. https://github.com/PHPMailer/PHPMailer/wiki/Troubleshooting
2022-06-24 11:06:14 [2@DESKTOP-N8DR5OG]
Attention : un courriel n'a pas pu être délivré à userglpi2022@gmail.com. 3 tentatives restantes. Message : [GLPI #0000006] Nouvel utilisateur demandeur LJKHJGHGF, Erreur : SMTP connect() failed. https://github.com/PHPMailer/PHPMailer/wiki/Troubleshooting
2022-06-24 11:06:14 [2@DESKTOP-N8DR5OG]
Attention : un courriel n'a pas pu être délivré à electrosignartci@gmail.com. 3 tentatives restantes. Message : [GLPI #0000006] Nouveau ticket LJKHJGHGF, Erreur : SMTP connect() failed. https://github.com/PHPMailer/PHPMailer/wiki/Troubleshooting
2022-06-24 11:06:15 [2@DESKTOP-N8DR5OG]
Attention : un courriel n'a pas pu être délivré à userglpi2022@gmail.com. 3 tentatives restantes. Message : [GLPI #0000006] Nouveau ticket LJKHJGHGF, Erreur : SMTP connect() failed. https://github.com/PHPMailer/PHPMailer/wiki/Troubleshooting
2022-06-25 19:51:25 [@DESKTOP-N8DR5OG]
Attention : un courriel n'a pas pu être délivré à electrosignartci@gmail.com. 1 tentatives restantes. Message : [GLPI #0000004] Nouveau ticket zrstrdtghjlkmlm, Erreur : SMTP connect() failed. https://github.com/PHPMailer/PHPMailer/wiki/Troubleshooting
2022-06-25 19:51:26 [@DESKTOP-N8DR5OG]
Attention : un courriel n'a pas pu être délivré à electrosignartci@gmail.com. 2 tentatives restantes. Message : [GLPI #0000005] Nouveau ticket aude, Erreur : SMTP connect() failed. https://github.com/PHPMailer/PHPMailer/wiki/Troubleshooting
2022-06-25 19:51:26 [@DESKTOP-N8DR5OG]
Attention : un courriel n'a pas pu être délivré à userglpi2022@gmail.com. 2 tentatives restantes. Message : [GLPI #0000006] Nouvel utilisateur demandeur LJKHJGHGF, Erreur : SMTP connect() failed. https://github.com/PHPMailer/PHPMailer/wiki/Troubleshooting
2022-06-25 19:51:26 [@DESKTOP-N8DR5OG]
Attention : un courriel n'a pas pu être délivré à electrosignartci@gmail.com. 2 tentatives restantes. Message : [GLPI #0000006] Nouveau ticket LJKHJGHGF, Erreur : SMTP connect() failed. https://github.com/PHPMailer/PHPMailer/wiki/Troubleshooting
2022-06-25 19:51:26 [@DESKTOP-N8DR5OG]
Attention : un courriel n'a pas pu être délivré à userglpi2022@gmail.com. 2 tentatives restantes. Message : [GLPI #0000006] Nouveau ticket LJKHJGHGF, Erreur : SMTP connect() failed. https://github.com/PHPMailer/PHPMailer/wiki/Troubleshooting
2022-06-25 19:51:27 [@DESKTOP-N8DR5OG]
Attention : un courriel n'a pas pu être délivré à electrosignartci@gmail.com. 5 tentatives restantes. Message : [GLPI #0000005] Suppression d'un ticket aude, Erreur : SMTP connect() failed. https://github.com/PHPMailer/PHPMailer/wiki/Troubleshooting
2022-06-25 19:51:27 [@DESKTOP-N8DR5OG]
Attention : un courriel n'a pas pu être délivré à electrosignartci@gmail.com. 5 tentatives restantes. Message : [GLPI #0000006] Suppression d'un ticket LJKHJGHGF, Erreur : SMTP connect() failed. https://github.com/PHPMailer/PHPMailer/wiki/Troubleshooting
2022-06-25 19:51:27 [@DESKTOP-N8DR5OG]
Attention : un courriel n'a pas pu être délivré à electrosignartci@gmail.com. 5 tentatives restantes. Message : [GLPI #0000004] Suppression d'un ticket zrstrdtghjlkmlm, Erreur : SMTP connect() failed. https://github.com/PHPMailer/PHPMailer/wiki/Troubleshooting
2022-06-27 13:00:53 [2@DESKTOP-N8DR5OG]
Attention : un courriel n'a pas pu être délivré à electrosignartci@gmail.com. 0 tentatives restantes. Message : [GLPI #0000004] Nouveau ticket zrstrdtghjlkmlm, Erreur : SMTP connect() failed. https://github.com/PHPMailer/PHPMailer/wiki/Troubleshooting
2022-06-27 13:00:53 [2@DESKTOP-N8DR5OG]
Erreur fatale : abandon de l'envoi du courriel à electrosignartci@gmail.com : [GLPI #0000004] Nouveau ticket zrstrdtghjlkmlm
2022-06-27 13:01:00 [2@DESKTOP-N8DR5OG]
Attention : un courriel n'a pas pu être délivré à electrosignartci@gmail.com. 1 tentatives restantes. Message : [GLPI #0000005] Nouveau ticket aude, Erreur : SMTP connect() failed. https://github.com/PHPMailer/PHPMailer/wiki/Troubleshooting
2022-06-27 13:01:06 [2@DESKTOP-N8DR5OG]
Attention : un courriel n'a pas pu être délivré à userglpi2022@gmail.com. 1 tentatives restantes. Message : [GLPI #0000006] Nouvel utilisateur demandeur LJKHJGHGF, Erreur : SMTP connect() failed. https://github.com/PHPMailer/PHPMailer/wiki/Troubleshooting
2022-06-27 13:01:13 [2@DESKTOP-N8DR5OG]
Attention : un courriel n'a pas pu être délivré à electrosignartci@gmail.com. 1 tentatives restantes. Message : [GLPI #0000006] Nouveau ticket LJKHJGHGF, Erreur : SMTP connect() failed. https://github.com/PHPMailer/PHPMailer/wiki/Troubleshooting
2022-06-27 13:01:19 [2@DESKTOP-N8DR5OG]
Attention : un courriel n'a pas pu être délivré à userglpi2022@gmail.com. 1 tentatives restantes. Message : [GLPI #0000006] Nouveau ticket LJKHJGHGF, Erreur : SMTP connect() failed. https://github.com/PHPMailer/PHPMailer/wiki/Troubleshooting
2022-06-27 13:01:25 [2@DESKTOP-N8DR5OG]
Attention : un courriel n'a pas pu être délivré à electrosignartci@gmail.com. 4 tentatives restantes. Message : [GLPI #0000005] Suppression d'un ticket aude, Erreur : SMTP connect() failed. https://github.com/PHPMailer/PHPMailer/wiki/Troubleshooting
2022-06-27 13:01:32 [2@DESKTOP-N8DR5OG]
Attention : un courriel n'a pas pu être délivré à electrosignartci@gmail.com. 4 tentatives restantes. Message : [GLPI #0000006] Suppression d'un ticket LJKHJGHGF, Erreur : SMTP connect() failed. https://github.com/PHPMailer/PHPMailer/wiki/Troubleshooting
2022-06-27 13:01:38 [2@DESKTOP-N8DR5OG]
Attention : un courriel n'a pas pu être délivré à electrosignartci@gmail.com. 4 tentatives restantes. Message : [GLPI #0000004] Suppression d'un ticket zrstrdtghjlkmlm, Erreur : SMTP connect() failed. https://github.com/PHPMailer/PHPMailer/wiki/Troubleshooting
2022-06-27 14:38:05 [@DESKTOP-N8DR5OG]
Attention : un courriel n'a pas pu être délivré à electrosignartci@gmail.com. 0 tentatives restantes. Message : [GLPI #0000005] Nouveau ticket aude, Erreur : SMTP connect() failed. https://github.com/PHPMailer/PHPMailer/wiki/Troubleshooting
2022-06-27 14:38:05 [@DESKTOP-N8DR5OG]
Erreur fatale : abandon de l'envoi du courriel à electrosignartci@gmail.com : [GLPI #0000005] Nouveau ticket aude
2022-06-27 14:38:12 [@DESKTOP-N8DR5OG]
Attention : un courriel n'a pas pu être délivré à userglpi2022@gmail.com. 0 tentatives restantes. Message : [GLPI #0000006] Nouvel utilisateur demandeur LJKHJGHGF, Erreur : SMTP connect() failed. https://github.com/PHPMailer/PHPMailer/wiki/Troubleshooting
2022-06-27 14:38:12 [@DESKTOP-N8DR5OG]
Erreur fatale : abandon de l'envoi du courriel à userglpi2022@gmail.com : [GLPI #0000006] Nouvel utilisateur demandeur LJKHJGHGF
2022-06-27 14:38:20 [@DESKTOP-N8DR5OG]
Attention : un courriel n'a pas pu être délivré à electrosignartci@gmail.com. 0 tentatives restantes. Message : [GLPI #0000006] Nouveau ticket LJKHJGHGF, Erreur : SMTP connect() failed. https://github.com/PHPMailer/PHPMailer/wiki/Troubleshooting
2022-06-27 14:38:20 [@DESKTOP-N8DR5OG]
Erreur fatale : abandon de l'envoi du courriel à electrosignartci@gmail.com : [GLPI #0000006] Nouveau ticket LJKHJGHGF
2022-06-27 14:38:27 [@DESKTOP-N8DR5OG]
Attention : un courriel n'a pas pu être délivré à userglpi2022@gmail.com. 0 tentatives restantes. Message : [GLPI #0000006] Nouveau ticket LJKHJGHGF, Erreur : SMTP connect() failed. https://github.com/PHPMailer/PHPMailer/wiki/Troubleshooting
2022-06-27 14:38:27 [@DESKTOP-N8DR5OG]
Erreur fatale : abandon de l'envoi du courriel à userglpi2022@gmail.com : [GLPI #0000006] Nouveau ticket LJKHJGHGF
2022-06-27 14:38:33 [@DESKTOP-N8DR5OG]
Attention : un courriel n'a pas pu être délivré à electrosignartci@gmail.com. 3 tentatives restantes. Message : [GLPI #0000005] Suppression d'un ticket aude, Erreur : SMTP connect() failed. https://github.com/PHPMailer/PHPMailer/wiki/Troubleshooting
2022-06-27 14:38:40 [@DESKTOP-N8DR5OG]
Attention : un courriel n'a pas pu être délivré à electrosignartci@gmail.com. 3 tentatives restantes. Message : [GLPI #0000006] Suppression d'un ticket LJKHJGHGF, Erreur : SMTP connect() failed. https://github.com/PHPMailer/PHPMailer/wiki/Troubleshooting
2022-06-27 14:38:47 [@DESKTOP-N8DR5OG]
Attention : un courriel n'a pas pu être délivré à electrosignartci@gmail.com. 3 tentatives restantes. Message : [GLPI #0000004] Suppression d'un ticket zrstrdtghjlkmlm, Erreur : SMTP connect() failed. https://github.com/PHPMailer/PHPMailer/wiki/Troubleshooting
2022-06-27 15:42:39 [@DESKTOP-N8DR5OG]
Attention : un courriel n'a pas pu être délivré à electrosignartci@gmail.com. 2 tentatives restantes. Message : [GLPI #0000005] Suppression d'un ticket aude, Erreur : SMTP connect() failed. https://github.com/PHPMailer/PHPMailer/wiki/Troubleshooting
2022-06-27 15:42:39 [@DESKTOP-N8DR5OG]
Attention : un courriel n'a pas pu être délivré à electrosignartci@gmail.com. 2 tentatives restantes. Message : [GLPI #0000006] Suppression d'un ticket LJKHJGHGF, Erreur : SMTP connect() failed. https://github.com/PHPMailer/PHPMailer/wiki/Troubleshooting
2022-06-27 15:42:39 [@DESKTOP-N8DR5OG]
Attention : un courriel n'a pas pu être délivré à electrosignartci@gmail.com. 2 tentatives restantes. Message : [GLPI #0000004] Suppression d'un ticket zrstrdtghjlkmlm, Erreur : SMTP connect() failed. https://github.com/PHPMailer/PHPMailer/wiki/Troubleshooting
2022-06-27 15:59:32 [@DESKTOP-N8DR5OG]
Attention : un courriel n'a pas pu être délivré à electrosignartci@gmail.com. 1 tentatives restantes. Message : [GLPI #0000005] Suppression d'un ticket aude, Erreur : SMTP connect() failed. https://github.com/PHPMailer/PHPMailer/wiki/Troubleshooting
2022-06-27 15:59:33 [@DESKTOP-N8DR5OG]
Attention : un courriel n'a pas pu être délivré à electrosignartci@gmail.com. 1 tentatives restantes. Message : [GLPI #0000006] Suppression d'un ticket LJKHJGHGF, Erreur : SMTP connect() failed. https://github.com/PHPMailer/PHPMailer/wiki/Troubleshooting
2022-06-27 15:59:33 [@DESKTOP-N8DR5OG]
Attention : un courriel n'a pas pu être délivré à electrosignartci@gmail.com. 1 tentatives restantes. Message : [GLPI #0000004] Suppression d'un ticket zrstrdtghjlkmlm, Erreur : SMTP connect() failed. https://github.com/PHPMailer/PHPMailer/wiki/Troubleshooting
2022-06-27 16:39:39 [@DESKTOP-N8DR5OG]
Attention : un courriel n'a pas pu être délivré à electrosignartci@gmail.com. 0 tentatives restantes. Message : [GLPI #0000005] Suppression d'un ticket aude, Erreur : SMTP connect() failed. https://github.com/PHPMailer/PHPMailer/wiki/Troubleshooting
2022-06-27 16:39:39 [@DESKTOP-N8DR5OG]
Erreur fatale : abandon de l'envoi du courriel à electrosignartci@gmail.com : [GLPI #0000005] Suppression d'un ticket aude
2022-06-27 16:39:47 [@DESKTOP-N8DR5OG]
Attention : un courriel n'a pas pu être délivré à electrosignartci@gmail.com. 0 tentatives restantes. Message : [GLPI #0000006] Suppression d'un ticket LJKHJGHGF, Erreur : SMTP connect() failed. https://github.com/PHPMailer/PHPMailer/wiki/Troubleshooting
2022-06-27 16:39:47 [@DESKTOP-N8DR5OG]
Erreur fatale : abandon de l'envoi du courriel à electrosignartci@gmail.com : [GLPI #0000006] Suppression d'un ticket LJKHJGHGF
2022-06-27 16:39:54 [@DESKTOP-N8DR5OG]
Attention : un courriel n'a pas pu être délivré à electrosignartci@gmail.com. 0 tentatives restantes. Message : [GLPI #0000004] Suppression d'un ticket zrstrdtghjlkmlm, Erreur : SMTP connect() failed. https://github.com/PHPMailer/PHPMailer/wiki/Troubleshooting
2022-06-27 16:39:54 [@DESKTOP-N8DR5OG]
Erreur fatale : abandon de l'envoi du courriel à electrosignartci@gmail.com : [GLPI #0000004] Suppression d'un ticket zrstrdtghjlkmlm
